<?xml version="1.0" encoding="UTF-8"?>
<testsuite xmlns:xsi="http://www.w3.org/2001/XMLSchema-instance" xsi:noNamespaceSchemaLocation="https://maven.apache.org/surefire/maven-surefire-plugin/xsd/surefire-test-report-3.0.xsd" version="3.0" name="br.com.erudio.integrationtests.swagger.SwaggerIntegrationTest" time="20.881" tests="1" errors="0" skipped="0" failures="0">
  <properties>
    <property name="java.specification.version" value="21"/>
    <property name="sun.jnu.encoding" value="UTF-8"/>
    <property name="java.class.path" value="/home/guilherme/DockerFromZeroToMastery-SpingBoot-3.2.0-AndJava21/01-BeforeDockerization/app/target/test-classes:/home/guilherme/DockerFromZeroToMastery-SpingBoot-3.2.0-AndJava21/01-BeforeDockerization/app/target/classes:/home/guilherme/.m2/repository/org/springframework/boot/spring-boot-starter-web/3.2.0/spring-boot-starter-web-3.2.0.jar:/home/guilherme/.m2/repository/org/springframework/boot/spring-boot-starter/3.2.0/spring-boot-starter-3.2.0.jar:/home/guilherme/.m2/repository/org/springframework/boot/spring-boot-starter-logging/3.2.0/spring-boot-starter-logging-3.2.0.jar:/home/guilherme/.m2/repository/ch/qos/logback/logback-classic/1.4.11/logback-classic-1.4.11.jar:/home/guilherme/.m2/repository/ch/qos/logback/logback-core/1.4.11/logback-core-1.4.11.jar:/home/guilherme/.m2/repository/org/apache/logging/log4j/log4j-to-slf4j/2.21.1/log4j-to-slf4j-2.21.1.jar:/home/guilherme/.m2/repository/org/apache/logging/log4j/log4j-api/2.21.1/log4j-api-2.21.1.jar:/home/guilherme/.m2/repository/org/slf4j/jul-to-slf4j/2.0.9/jul-to-slf4j-2.0.9.jar:/home/guilherme/.m2/repository/jakarta/annotation/jakarta.annotation-api/2.1.1/jakarta.annotation-api-2.1.1.jar:/home/guilherme/.m2/repository/org/springframework/boot/spring-boot-starter-json/3.2.0/spring-boot-starter-json-3.2.0.jar:/home/guilherme/.m2/repository/com/fasterxml/jackson/datatype/jackson-datatype-jdk8/2.15.3/jackson-datatype-jdk8-2.15.3.jar:/home/guilherme/.m2/repository/com/fasterxml/jackson/datatype/jackson-datatype-jsr310/2.15.3/jackson-datatype-jsr310-2.15.3.jar:/home/guilherme/.m2/repository/com/fasterxml/jackson/module/jackson-module-parameter-names/2.15.3/jackson-module-parameter-names-2.15.3.jar:/home/guilherme/.m2/repository/org/springframework/boot/spring-boot-starter-tomcat/3.2.0/spring-boot-starter-tomcat-3.2.0.jar:/home/guilherme/.m2/repository/org/apache/tomcat/embed/tomcat-embed-core/10.1.16/tomcat-embed-core-10.1.16.jar:/home/guilherme/.m2/repository/org/apache/tomcat/embed/tomcat-embed-websocket/10.1.16/tomcat-embed-websocket-10.1.16.jar:/home/guilherme/.m2/repository/org/springframework/spring-web/6.1.1/spring-web-6.1.1.jar:/home/guilherme/.m2/repository/io/micrometer/micrometer-observation/1.12.0/micrometer-observation-1.12.0.jar:/home/guilherme/.m2/repository/io/micrometer/micrometer-commons/1.12.0/micrometer-commons-1.12.0.jar:/home/guilherme/.m2/repository/org/springframework/spring-webmvc/6.1.1/spring-webmvc-6.1.1.jar:/home/guilherme/.m2/repository/org/springframework/spring-expression/6.1.1/spring-expression-6.1.1.jar:/home/guilherme/.m2/repository/org/springframework/boot/spring-boot-starter-data-jpa/3.2.0/spring-boot-starter-data-jpa-3.2.0.jar:/home/guilherme/.m2/repository/org/springframework/boot/spring-boot-starter-aop/3.2.0/spring-boot-starter-aop-3.2.0.jar:/home/guilherme/.m2/repository/org/aspectj/aspectjweaver/1.9.20.1/aspectjweaver-1.9.20.1.jar:/home/guilherme/.m2/repository/org/springframework/boot/spring-boot-starter-jdbc/3.2.0/spring-boot-starter-jdbc-3.2.0.jar:/home/guilherme/.m2/repository/com/zaxxer/HikariCP/5.0.1/HikariCP-5.0.1.jar:/home/guilherme/.m2/repository/org/springframework/spring-jdbc/6.1.1/spring-jdbc-6.1.1.jar:/home/guilherme/.m2/repository/org/hibernate/orm/hibernate-core/6.3.1.Final/hibernate-core-6.3.1.Final.jar:/home/guilherme/.m2/repository/jakarta/persistence/jakarta.persistence-api/3.1.0/jakarta.persistence-api-3.1.0.jar:/home/guilherme/.m2/repository/jakarta/transaction/jakarta.transaction-api/2.0.1/jakarta.transaction-api-2.0.1.jar:/home/guilherme/.m2/repository/org/jboss/logging/jboss-logging/3.5.3.Final/jboss-logging-3.5.3.Final.jar:/home/guilherme/.m2/repository/org/hibernate/common/hibernate-commons-annotations/6.0.6.Final/hibernate-commons-annotations-6.0.6.Final.jar:/home/guilherme/.m2/repository/io/smallrye/jandex/3.1.2/jandex-3.1.2.jar:/home/guilherme/.m2/repository/com/fasterxml/classmate/1.6.0/classmate-1.6.0.jar:/home/guilherme/.m2/repository/org/glassfish/jaxb/jaxb-runtime/4.0.4/jaxb-runtime-4.0.4.jar:/home/guilherme/.m2/repository/org/glassfish/jaxb/jaxb-core/4.0.4/jaxb-core-4.0.4.jar:/home/guilherme/.m2/repository/org/eclipse/angus/angus-activation/2.0.1/angus-activation-2.0.1.jar:/home/guilherme/.m2/repository/org/glassfish/jaxb/txw2/4.0.4/txw2-4.0.4.jar:/home/guilherme/.m2/repository/com/sun/istack/istack-commons-runtime/4.1.2/istack-commons-runtime-4.1.2.jar:/home/guilherme/.m2/repository/jakarta/inject/jakarta.inject-api/2.0.1/jakarta.inject-api-2.0.1.jar:/home/guilherme/.m2/repository/org/antlr/antlr4-runtime/4.10.1/antlr4-runtime-4.10.1.jar:/home/guilherme/.m2/repository/org/springframework/data/spring-data-jpa/3.2.0/spring-data-jpa-3.2.0.jar:/home/guilherme/.m2/repository/org/springframework/data/spring-data-commons/3.2.0/spring-data-commons-3.2.0.jar:/home/guilherme/.m2/repository/org/springframework/spring-orm/6.1.1/spring-orm-6.1.1.jar:/home/guilherme/.m2/repository/org/springframework/spring-tx/6.1.1/spring-tx-6.1.1.jar:/home/guilherme/.m2/repository/org/springframework/spring-aspects/6.1.1/spring-aspects-6.1.1.jar:/home/guilherme/.m2/repository/org/springframework/boot/spring-boot-starter-validation/3.2.0/spring-boot-starter-validation-3.2.0.jar:/home/guilherme/.m2/repository/org/apache/tomcat/embed/tomcat-embed-el/10.1.16/tomcat-embed-el-10.1.16.jar:/home/guilherme/.m2/repository/org/hibernate/validator/hibernate-validator/8.0.1.Final/hibernate-validator-8.0.1.Final.jar:/home/guilherme/.m2/repository/jakarta/validation/jakarta.validation-api/3.0.2/jakarta.validation-api-3.0.2.jar:/home/guilherme/.m2/repository/org/springframework/hateoas/spring-hateoas/2.2.0/spring-hateoas-2.2.0.jar:/home/guilherme/.m2/repository/org/springframework/spring-aop/6.1.1/spring-aop-6.1.1.jar:/home/guilherme/.m2/repository/org/springframework/spring-beans/6.1.1/spring-beans-6.1.1.jar:/home/guilherme/.m2/repository/org/springframework/spring-context/6.1.1/spring-context-6.1.1.jar:/home/guilherme/.m2/repository/org/springframework/spring-core/6.1.1/spring-core-6.1.1.jar:/home/guilherme/.m2/repository/org/springframework/spring-jcl/6.1.1/spring-jcl-6.1.1.jar:/home/guilherme/.m2/repository/org/springframework/plugin/spring-plugin-core/3.0.0/spring-plugin-core-3.0.0.jar:/home/guilherme/.m2/repository/com/jayway/jsonpath/json-path/2.8.0/json-path-2.8.0.jar:/home/guilherme/.m2/repository/org/slf4j/slf4j-api/2.0.9/slf4j-api-2.0.9.jar:/home/guilherme/.m2/repository/org/springframework/boot/spring-boot-starter-security/3.2.0/spring-boot-starter-security-3.2.0.jar:/home/guilherme/.m2/repository/org/springframework/security/spring-security-config/6.2.0/spring-security-config-6.2.0.jar:/home/guilherme/.m2/repository/org/springframework/security/spring-security-core/6.2.0/spring-security-core-6.2.0.jar:/home/guilherme/.m2/repository/org/springframework/security/spring-security-crypto/6.2.0/spring-security-crypto-6.2.0.jar:/home/guilherme/.m2/repository/org/springframework/security/spring-security-web/6.2.0/spring-security-web-6.2.0.jar:/home/guilherme/.m2/repository/org/springframework/boot/spring-boot-configuration-processor/3.2.0/spring-boot-configuration-processor-3.2.0.jar:/home/guilherme/.m2/repository/com/auth0/java-jwt/3.18.3/java-jwt-3.18.3.jar:/home/guilherme/.m2/repository/com/fasterxml/jackson/core/jackson-databind/2.15.3/jackson-databind-2.15.3.jar:/home/guilherme/.m2/repository/com/fasterxml/jackson/dataformat/jackson-dataformat-xml/2.15.3/jackson-dataformat-xml-2.15.3.jar:/home/guilherme/.m2/repository/com/fasterxml/jackson/core/jackson-core/2.15.3/jackson-core-2.15.3.jar:/home/guilherme/.m2/repository/com/fasterxml/jackson/core/jackson-annotations/2.15.3/jackson-annotations-2.15.3.jar:/home/guilherme/.m2/repository/org/codehaus/woodstox/stax2-api/4.2.1/stax2-api-4.2.1.jar:/home/guilherme/.m2/repository/com/fasterxml/woodstox/woodstox-core/6.5.1/woodstox-core-6.5.1.jar:/home/guilherme/.m2/repository/com/fasterxml/jackson/dataformat/jackson-dataformat-yaml/2.15.3/jackson-dataformat-yaml-2.15.3.jar:/home/guilherme/.m2/repository/org/yaml/snakeyaml/2.2/snakeyaml-2.2.jar:/home/guilherme/.m2/repository/org/springdoc/springdoc-openapi-starter-webmvc-ui/2.0.2/springdoc-openapi-starter-webmvc-ui-2.0.2.jar:/home/guilherme/.m2/repository/org/springdoc/springdoc-openapi-starter-webmvc-api/2.0.2/springdoc-openapi-starter-webmvc-api-2.0.2.jar:/home/guilherme/.m2/repository/org/springdoc/springdoc-openapi-starter-common/2.0.2/springdoc-openapi-starter-common-2.0.2.jar:/home/guilherme/.m2/repository/io/swagger/core/v3/swagger-core-jakarta/2.2.7/swagger-core-jakarta-2.2.7.jar:/home/guilherme/.m2/repository/io/swagger/core/v3/swagger-annotations-jakarta/2.2.7/swagger-annotations-jakarta-2.2.7.jar:/home/guilherme/.m2/repository/io/swagger/core/v3/swagger-models-jakarta/2.2.7/swagger-models-jakarta-2.2.7.jar:/home/guilherme/.m2/repository/org/webjars/swagger-ui/4.15.5/swagger-ui-4.15.5.jar:/home/guilherme/.m2/repository/org/webjars/webjars-locator-core/0.55/webjars-locator-core-0.55.jar:/home/guilherme/.m2/repository/io/github/classgraph/classgraph/4.8.149/classgraph-4.8.149.jar:/home/guilherme/.m2/repository/com/mysql/mysql-connector-j/8.1.0/mysql-connector-j-8.1.0.jar:/home/guilherme/.m2/repository/org/flywaydb/flyway-core/9.22.3/flyway-core-9.22.3.jar:/home/guilherme/.m2/repository/com/fasterxml/jackson/dataformat/jackson-dataformat-toml/2.15.3/jackson-dataformat-toml-2.15.3.jar:/home/guilherme/.m2/repository/com/google/code/gson/gson/2.10.1/gson-2.10.1.jar:/home/guilherme/.m2/repository/org/flywaydb/flyway-mysql/9.22.3/flyway-mysql-9.22.3.jar:/home/guilherme/.m2/repository/com/github/dozermapper/dozer-core/6.4.0/dozer-core-6.4.0.jar:/home/guilherme/.m2/repository/commons-beanutils/commons-beanutils/1.9.3/commons-beanutils-1.9.3.jar:/home/guilherme/.m2/repository/commons-collections/commons-collections/3.2.2/commons-collections-3.2.2.jar:/home/guilherme/.m2/repository/org/apache/commons/commons-lang3/3.13.0/commons-lang3-3.13.0.jar:/home/guilherme/.m2/repository/commons-io/commons-io/2.5/commons-io-2.5.jar:/home/guilherme/.m2/repository/javax/xml/bind/jaxb-api/2.2.11/jaxb-api-2.2.11.jar:/home/guilherme/.m2/repository/org/slf4j/jcl-over-slf4j/2.0.9/jcl-over-slf4j-2.0.9.jar:/home/guilherme/.m2/repository/org/objenesis/objenesis/2.6/objenesis-2.6.jar:/home/guilherme/.m2/repository/org/springframework/boot/spring-boot-starter-test/3.2.0/spring-boot-starter-test-3.2.0.jar:/home/guilherme/.m2/repository/org/springframework/boot/spring-boot-test/3.2.0/spring-boot-test-3.2.0.jar:/home/guilherme/.m2/repository/org/springframework/boot/spring-boot-test-autoconfigure/3.2.0/spring-boot-test-autoconfigure-3.2.0.jar:/home/guilherme/.m2/repository/jakarta/xml/bind/jakarta.xml.bind-api/4.0.1/jakarta.xml.bind-api-4.0.1.jar:/home/guilherme/.m2/repository/jakarta/activation/jakarta.activation-api/2.1.2/jakarta.activation-api-2.1.2.jar:/home/guilherme/.m2/repository/net/minidev/json-smart/2.5.0/json-smart-2.5.0.jar:/home/guilherme/.m2/repository/net/minidev/accessors-smart/2.5.0/accessors-smart-2.5.0.jar:/home/guilherme/.m2/repository/org/ow2/asm/asm/9.3/asm-9.3.jar:/home/guilherme/.m2/repository/org/assertj/assertj-core/3.24.2/assertj-core-3.24.2.jar:/home/guilherme/.m2/repository/org/awaitility/awaitility/4.2.0/awaitility-4.2.0.jar:/home/guilherme/.m2/repository/org/hamcrest/hamcrest/2.2/hamcrest-2.2.jar:/home/guilherme/.m2/repository/org/junit/jupiter/junit-jupiter/5.10.1/junit-jupiter-5.10.1.jar:/home/guilherme/.m2/repository/org/junit/jupiter/junit-jupiter-api/5.10.1/junit-jupiter-api-5.10.1.jar:/home/guilherme/.m2/repository/org/opentest4j/opentest4j/1.3.0/opentest4j-1.3.0.jar:/home/guilherme/.m2/repository/org/junit/platform/junit-platform-commons/1.10.1/junit-platform-commons-1.10.1.jar:/home/guilherme/.m2/repository/org/apiguardian/apiguardian-api/1.1.2/apiguardian-api-1.1.2.jar:/home/guilherme/.m2/repository/org/junit/jupiter/junit-jupiter-params/5.10.1/junit-jupiter-params-5.10.1.jar:/home/guilherme/.m2/repository/org/junit/jupiter/junit-jupiter-engine/5.10.1/junit-jupiter-engine-5.10.1.jar:/home/guilherme/.m2/repository/org/junit/platform/junit-platform-engine/1.10.1/junit-platform-engine-1.10.1.jar:/home/guilherme/.m2/repository/org/mockito/mockito-junit-jupiter/5.7.0/mockito-junit-jupiter-5.7.0.jar:/home/guilherme/.m2/repository/org/skyscreamer/jsonassert/1.5.1/jsonassert-1.5.1.jar:/home/guilherme/.m2/repository/com/vaadin/external/google/android-json/0.0.20131108.vaadin1/android-json-0.0.20131108.vaadin1.jar:/home/guilherme/.m2/repository/org/springframework/spring-test/6.1.1/spring-test-6.1.1.jar:/home/guilherme/.m2/repository/org/xmlunit/xmlunit-core/2.9.1/xmlunit-core-2.9.1.jar:/home/guilherme/.m2/repository/org/mockito/mockito-core/5.7.0/mockito-core-5.7.0.jar:/home/guilherme/.m2/repository/net/bytebuddy/byte-buddy/1.14.10/byte-buddy-1.14.10.jar:/home/guilherme/.m2/repository/net/bytebuddy/byte-buddy-agent/1.14.10/byte-buddy-agent-1.14.10.jar:/home/guilherme/.m2/repository/io/rest-assured/rest-assured/4.5.0/rest-assured-4.5.0.jar:/home/guilherme/.m2/repository/org/codehaus/groovy/groovy/3.0.9/groovy-3.0.9.jar:/home/guilherme/.m2/repository/org/codehaus/groovy/groovy-xml/3.0.9/groovy-xml-3.0.9.jar:/home/guilherme/.m2/repository/org/apache/httpcomponents/httpclient/4.5.13/httpclient-4.5.13.jar:/home/guilherme/.m2/repository/org/apache/httpcomponents/httpcore/4.4.16/httpcore-4.4.16.jar:/home/guilherme/.m2/repository/commons-logging/commons-logging/1.2/commons-logging-1.2.jar:/home/guilherme/.m2/repository/commons-codec/commons-codec/1.16.0/commons-codec-1.16.0.jar:/home/guilherme/.m2/repository/org/apache/httpcomponents/httpmime/4.5.13/httpmime-4.5.13.jar:/home/guilherme/.m2/repository/org/ccil/cowan/tagsoup/tagsoup/1.2.1/tagsoup-1.2.1.jar:/home/guilherme/.m2/repository/io/rest-assured/json-path/4.5.0/json-path-4.5.0.jar:/home/guilherme/.m2/repository/org/codehaus/groovy/groovy-json/3.0.9/groovy-json-3.0.9.jar:/home/guilherme/.m2/repository/io/rest-assured/rest-assured-common/4.5.0/rest-assured-common-4.5.0.jar:/home/guilherme/.m2/repository/io/rest-assured/xml-path/4.5.0/xml-path-4.5.0.jar:/home/guilherme/.m2/repository/org/testcontainers/mysql/1.16.3/mysql-1.16.3.jar:/home/guilherme/.m2/repository/org/testcontainers/jdbc/1.16.3/jdbc-1.16.3.jar:/home/guilherme/.m2/repository/org/testcontainers/database-commons/1.16.3/database-commons-1.16.3.jar:/home/guilherme/.m2/repository/org/testcontainers/testcontainers/1.16.3/testcontainers-1.16.3.jar:/home/guilherme/.m2/repository/junit/junit/4.13.2/junit-4.13.2.jar:/home/guilherme/.m2/repository/org/hamcrest/hamcrest-core/2.2/hamcrest-core-2.2.jar:/home/guilherme/.m2/repository/org/apache/commons/commons-compress/1.21/commons-compress-1.21.jar:/home/guilherme/.m2/repository/org/rnorth/duct-tape/duct-tape/1.0.8/duct-tape-1.0.8.jar:/home/guilherme/.m2/repository/org/jetbrains/annotations/17.0.0/annotations-17.0.0.jar:/home/guilherme/.m2/repository/com/github/docker-java/docker-java-api/3.2.12/docker-java-api-3.2.12.jar:/home/guilherme/.m2/repository/com/github/docker-java/docker-java-transport-zerodep/3.2.12/docker-java-transport-zerodep-3.2.12.jar:/home/guilherme/.m2/repository/com/github/docker-java/docker-java-transport/3.2.12/docker-java-transport-3.2.12.jar:/home/guilherme/.m2/repository/net/java/dev/jna/jna/5.8.0/jna-5.8.0.jar:/home/guilherme/.m2/repository/org/springframework/boot/spring-boot-devtools/3.2.0/spring-boot-devtools-3.2.0.jar:/home/guilherme/.m2/repository/org/springframework/boot/spring-boot/3.2.0/spring-boot-3.2.0.jar:/home/guilherme/.m2/repository/org/springframework/boot/spring-boot-autoconfigure/3.2.0/spring-boot-autoconfigure-3.2.0.jar:"/>
    <property name="java.vm.vendor" value="Oracle Corporation"/>
    <property name="sun.arch.data.model" value="64"/>
    <property name="java.vendor.url" value="https://java.oracle.com/"/>
    <property name="catalina.useNaming" value="false"/>
    <property name="user.timezone" value="America/Sao_Paulo"/>
    <property name="org.jboss.logging.provider" value="slf4j"/>
    <property name="user.country.format" value="BR"/>
    <property name="os.name" value="Linux"/>
    <property name="java.vm.specification.version" value="21"/>
    <property name="sun.java.launcher" value="SUN_STANDARD"/>
    <property name="user.country" value="US"/>
    <property name="sun.boot.library.path" value="/usr/lib/jvm/jdk-21-oracle-x64/lib"/>
    <property name="sun.java.command" value="/home/guilherme/DockerFromZeroToMastery-SpingBoot-3.2.0-AndJava21/01-BeforeDockerization/app/target/surefire/surefirebooter-20240608201415859_3.jar /home/guilherme/DockerFromZeroToMastery-SpingBoot-3.2.0-AndJava21/01-BeforeDockerization/app/target/surefire 2024-06-08T20-14-15_808-jvmRun1 surefire-20240608201415859_1tmp surefire_0-20240608201415859_2tmp"/>
    <property name="jdk.debug" value="release"/>
    <property name="surefire.test.class.path" value="/home/guilherme/DockerFromZeroToMastery-SpingBoot-3.2.0-AndJava21/01-BeforeDockerization/app/target/test-classes:/home/guilherme/DockerFromZeroToMastery-SpingBoot-3.2.0-AndJava21/01-BeforeDockerization/app/target/classes:/home/guilherme/.m2/repository/org/springframework/boot/spring-boot-starter-web/3.2.0/spring-boot-starter-web-3.2.0.jar:/home/guilherme/.m2/repository/org/springframework/boot/spring-boot-starter/3.2.0/spring-boot-starter-3.2.0.jar:/home/guilherme/.m2/repository/org/springframework/boot/spring-boot-starter-logging/3.2.0/spring-boot-starter-logging-3.2.0.jar:/home/guilherme/.m2/repository/ch/qos/logback/logback-classic/1.4.11/logback-classic-1.4.11.jar:/home/guilherme/.m2/repository/ch/qos/logback/logback-core/1.4.11/logback-core-1.4.11.jar:/home/guilherme/.m2/repository/org/apache/logging/log4j/log4j-to-slf4j/2.21.1/log4j-to-slf4j-2.21.1.jar:/home/guilherme/.m2/repository/org/apache/logging/log4j/log4j-api/2.21.1/log4j-api-2.21.1.jar:/home/guilherme/.m2/repository/org/slf4j/jul-to-slf4j/2.0.9/jul-to-slf4j-2.0.9.jar:/home/guilherme/.m2/repository/jakarta/annotation/jakarta.annotation-api/2.1.1/jakarta.annotation-api-2.1.1.jar:/home/guilherme/.m2/repository/org/springframework/boot/spring-boot-starter-json/3.2.0/spring-boot-starter-json-3.2.0.jar:/home/guilherme/.m2/repository/com/fasterxml/jackson/datatype/jackson-datatype-jdk8/2.15.3/jackson-datatype-jdk8-2.15.3.jar:/home/guilherme/.m2/repository/com/fasterxml/jackson/datatype/jackson-datatype-jsr310/2.15.3/jackson-datatype-jsr310-2.15.3.jar:/home/guilherme/.m2/repository/com/fasterxml/jackson/module/jackson-module-parameter-names/2.15.3/jackson-module-parameter-names-2.15.3.jar:/home/guilherme/.m2/repository/org/springframework/boot/spring-boot-starter-tomcat/3.2.0/spring-boot-starter-tomcat-3.2.0.jar:/home/guilherme/.m2/repository/org/apache/tomcat/embed/tomcat-embed-core/10.1.16/tomcat-embed-core-10.1.16.jar:/home/guilherme/.m2/repository/org/apache/tomcat/embed/tomcat-embed-websocket/10.1.16/tomcat-embed-websocket-10.1.16.jar:/home/guilherme/.m2/repository/org/springframework/spring-web/6.1.1/spring-web-6.1.1.jar:/home/guilherme/.m2/repository/io/micrometer/micrometer-observation/1.12.0/micrometer-observation-1.12.0.jar:/home/guilherme/.m2/repository/io/micrometer/micrometer-commons/1.12.0/micrometer-commons-1.12.0.jar:/home/guilherme/.m2/repository/org/springframework/spring-webmvc/6.1.1/spring-webmvc-6.1.1.jar:/home/guilherme/.m2/repository/org/springframework/spring-expression/6.1.1/spring-expression-6.1.1.jar:/home/guilherme/.m2/repository/org/springframework/boot/spring-boot-starter-data-jpa/3.2.0/spring-boot-starter-data-jpa-3.2.0.jar:/home/guilherme/.m2/repository/org/springframework/boot/spring-boot-starter-aop/3.2.0/spring-boot-starter-aop-3.2.0.jar:/home/guilherme/.m2/repository/org/aspectj/aspectjweaver/1.9.20.1/aspectjweaver-1.9.20.1.jar:/home/guilherme/.m2/repository/org/springframework/boot/spring-boot-starter-jdbc/3.2.0/spring-boot-starter-jdbc-3.2.0.jar:/home/guilherme/.m2/repository/com/zaxxer/HikariCP/5.0.1/HikariCP-5.0.1.jar:/home/guilherme/.m2/repository/org/springframework/spring-jdbc/6.1.1/spring-jdbc-6.1.1.jar:/home/guilherme/.m2/repository/org/hibernate/orm/hibernate-core/6.3.1.Final/hibernate-core-6.3.1.Final.jar:/home/guilherme/.m2/repository/jakarta/persistence/jakarta.persistence-api/3.1.0/jakarta.persistence-api-3.1.0.jar:/home/guilherme/.m2/repository/jakarta/transaction/jakarta.transaction-api/2.0.1/jakarta.transaction-api-2.0.1.jar:/home/guilherme/.m2/repository/org/jboss/logging/jboss-logging/3.5.3.Final/jboss-logging-3.5.3.Final.jar:/home/guilherme/.m2/repository/org/hibernate/common/hibernate-commons-annotations/6.0.6.Final/hibernate-commons-annotations-6.0.6.Final.jar:/home/guilherme/.m2/repository/io/smallrye/jandex/3.1.2/jandex-3.1.2.jar:/home/guilherme/.m2/repository/com/fasterxml/classmate/1.6.0/classmate-1.6.0.jar:/home/guilherme/.m2/repository/org/glassfish/jaxb/jaxb-runtime/4.0.4/jaxb-runtime-4.0.4.jar:/home/guilherme/.m2/repository/org/glassfish/jaxb/jaxb-core/4.0.4/jaxb-core-4.0.4.jar:/home/guilherme/.m2/repository/org/eclipse/angus/angus-activation/2.0.1/angus-activation-2.0.1.jar:/home/guilherme/.m2/repository/org/glassfish/jaxb/txw2/4.0.4/txw2-4.0.4.jar:/home/guilherme/.m2/repository/com/sun/istack/istack-commons-runtime/4.1.2/istack-commons-runtime-4.1.2.jar:/home/guilherme/.m2/repository/jakarta/inject/jakarta.inject-api/2.0.1/jakarta.inject-api-2.0.1.jar:/home/guilherme/.m2/repository/org/antlr/antlr4-runtime/4.10.1/antlr4-runtime-4.10.1.jar:/home/guilherme/.m2/repository/org/springframework/data/spring-data-jpa/3.2.0/spring-data-jpa-3.2.0.jar:/home/guilherme/.m2/repository/org/springframework/data/spring-data-commons/3.2.0/spring-data-commons-3.2.0.jar:/home/guilherme/.m2/repository/org/springframework/spring-orm/6.1.1/spring-orm-6.1.1.jar:/home/guilherme/.m2/repository/org/springframework/spring-tx/6.1.1/spring-tx-6.1.1.jar:/home/guilherme/.m2/repository/org/springframework/spring-aspects/6.1.1/spring-aspects-6.1.1.jar:/home/guilherme/.m2/repository/org/springframework/boot/spring-boot-starter-validation/3.2.0/spring-boot-starter-validation-3.2.0.jar:/home/guilherme/.m2/repository/org/apache/tomcat/embed/tomcat-embed-el/10.1.16/tomcat-embed-el-10.1.16.jar:/home/guilherme/.m2/repository/org/hibernate/validator/hibernate-validator/8.0.1.Final/hibernate-validator-8.0.1.Final.jar:/home/guilherme/.m2/repository/jakarta/validation/jakarta.validation-api/3.0.2/jakarta.validation-api-3.0.2.jar:/home/guilherme/.m2/repository/org/springframework/hateoas/spring-hateoas/2.2.0/spring-hateoas-2.2.0.jar:/home/guilherme/.m2/repository/org/springframework/spring-aop/6.1.1/spring-aop-6.1.1.jar:/home/guilherme/.m2/repository/org/springframework/spring-beans/6.1.1/spring-beans-6.1.1.jar:/home/guilherme/.m2/repository/org/springframework/spring-context/6.1.1/spring-context-6.1.1.jar:/home/guilherme/.m2/repository/org/springframework/spring-core/6.1.1/spring-core-6.1.1.jar:/home/guilherme/.m2/repository/org/springframework/spring-jcl/6.1.1/spring-jcl-6.1.1.jar:/home/guilherme/.m2/repository/org/springframework/plugin/spring-plugin-core/3.0.0/spring-plugin-core-3.0.0.jar:/home/guilherme/.m2/repository/com/jayway/jsonpath/json-path/2.8.0/json-path-2.8.0.jar:/home/guilherme/.m2/repository/org/slf4j/slf4j-api/2.0.9/slf4j-api-2.0.9.jar:/home/guilherme/.m2/repository/org/springframework/boot/spring-boot-starter-security/3.2.0/spring-boot-starter-security-3.2.0.jar:/home/guilherme/.m2/repository/org/springframework/security/spring-security-config/6.2.0/spring-security-config-6.2.0.jar:/home/guilherme/.m2/repository/org/springframework/security/spring-security-core/6.2.0/spring-security-core-6.2.0.jar:/home/guilherme/.m2/repository/org/springframework/security/spring-security-crypto/6.2.0/spring-security-crypto-6.2.0.jar:/home/guilherme/.m2/repository/org/springframework/security/spring-security-web/6.2.0/spring-security-web-6.2.0.jar:/home/guilherme/.m2/repository/org/springframework/boot/spring-boot-configuration-processor/3.2.0/spring-boot-configuration-processor-3.2.0.jar:/home/guilherme/.m2/repository/com/auth0/java-jwt/3.18.3/java-jwt-3.18.3.jar:/home/guilherme/.m2/repository/com/fasterxml/jackson/core/jackson-databind/2.15.3/jackson-databind-2.15.3.jar:/home/guilherme/.m2/repository/com/fasterxml/jackson/dataformat/jackson-dataformat-xml/2.15.3/jackson-dataformat-xml-2.15.3.jar:/home/guilherme/.m2/repository/com/fasterxml/jackson/core/jackson-core/2.15.3/jackson-core-2.15.3.jar:/home/guilherme/.m2/repository/com/fasterxml/jackson/core/jackson-annotations/2.15.3/jackson-annotations-2.15.3.jar:/home/guilherme/.m2/repository/org/codehaus/woodstox/stax2-api/4.2.1/stax2-api-4.2.1.jar:/home/guilherme/.m2/repository/com/fasterxml/woodstox/woodstox-core/6.5.1/woodstox-core-6.5.1.jar:/home/guilherme/.m2/repository/com/fasterxml/jackson/dataformat/jackson-dataformat-yaml/2.15.3/jackson-dataformat-yaml-2.15.3.jar:/home/guilherme/.m2/repository/org/yaml/snakeyaml/2.2/snakeyaml-2.2.jar:/home/guilherme/.m2/repository/org/springdoc/springdoc-openapi-starter-webmvc-ui/2.0.2/springdoc-openapi-starter-webmvc-ui-2.0.2.jar:/home/guilherme/.m2/repository/org/springdoc/springdoc-openapi-starter-webmvc-api/2.0.2/springdoc-openapi-starter-webmvc-api-2.0.2.jar:/home/guilherme/.m2/repository/org/springdoc/springdoc-openapi-starter-common/2.0.2/springdoc-openapi-starter-common-2.0.2.jar:/home/guilherme/.m2/repository/io/swagger/core/v3/swagger-core-jakarta/2.2.7/swagger-core-jakarta-2.2.7.jar:/home/guilherme/.m2/repository/io/swagger/core/v3/swagger-annotations-jakarta/2.2.7/swagger-annotations-jakarta-2.2.7.jar:/home/guilherme/.m2/repository/io/swagger/core/v3/swagger-models-jakarta/2.2.7/swagger-models-jakarta-2.2.7.jar:/home/guilherme/.m2/repository/org/webjars/swagger-ui/4.15.5/swagger-ui-4.15.5.jar:/home/guilherme/.m2/repository/org/webjars/webjars-locator-core/0.55/webjars-locator-core-0.55.jar:/home/guilherme/.m2/repository/io/github/classgraph/classgraph/4.8.149/classgraph-4.8.149.jar:/home/guilherme/.m2/repository/com/mysql/mysql-connector-j/8.1.0/mysql-connector-j-8.1.0.jar:/home/guilherme/.m2/repository/org/flywaydb/flyway-core/9.22.3/flyway-core-9.22.3.jar:/home/guilherme/.m2/repository/com/fasterxml/jackson/dataformat/jackson-dataformat-toml/2.15.3/jackson-dataformat-toml-2.15.3.jar:/home/guilherme/.m2/repository/com/google/code/gson/gson/2.10.1/gson-2.10.1.jar:/home/guilherme/.m2/repository/org/flywaydb/flyway-mysql/9.22.3/flyway-mysql-9.22.3.jar:/home/guilherme/.m2/repository/com/github/dozermapper/dozer-core/6.4.0/dozer-core-6.4.0.jar:/home/guilherme/.m2/repository/commons-beanutils/commons-beanutils/1.9.3/commons-beanutils-1.9.3.jar:/home/guilherme/.m2/repository/commons-collections/commons-collections/3.2.2/commons-collections-3.2.2.jar:/home/guilherme/.m2/repository/org/apache/commons/commons-lang3/3.13.0/commons-lang3-3.13.0.jar:/home/guilherme/.m2/repository/commons-io/commons-io/2.5/commons-io-2.5.jar:/home/guilherme/.m2/repository/javax/xml/bind/jaxb-api/2.2.11/jaxb-api-2.2.11.jar:/home/guilherme/.m2/repository/org/slf4j/jcl-over-slf4j/2.0.9/jcl-over-slf4j-2.0.9.jar:/home/guilherme/.m2/repository/org/objenesis/objenesis/2.6/objenesis-2.6.jar:/home/guilherme/.m2/repository/org/springframework/boot/spring-boot-starter-test/3.2.0/spring-boot-starter-test-3.2.0.jar:/home/guilherme/.m2/repository/org/springframework/boot/spring-boot-test/3.2.0/spring-boot-test-3.2.0.jar:/home/guilherme/.m2/repository/org/springframework/boot/spring-boot-test-autoconfigure/3.2.0/spring-boot-test-autoconfigure-3.2.0.jar:/home/guilherme/.m2/repository/jakarta/xml/bind/jakarta.xml.bind-api/4.0.1/jakarta.xml.bind-api-4.0.1.jar:/home/guilherme/.m2/repository/jakarta/activation/jakarta.activation-api/2.1.2/jakarta.activation-api-2.1.2.jar:/home/guilherme/.m2/repository/net/minidev/json-smart/2.5.0/json-smart-2.5.0.jar:/home/guilherme/.m2/repository/net/minidev/accessors-smart/2.5.0/accessors-smart-2.5.0.jar:/home/guilherme/.m2/repository/org/ow2/asm/asm/9.3/asm-9.3.jar:/home/guilherme/.m2/repository/org/assertj/assertj-core/3.24.2/assertj-core-3.24.2.jar:/home/guilherme/.m2/repository/org/awaitility/awaitility/4.2.0/awaitility-4.2.0.jar:/home/guilherme/.m2/repository/org/hamcrest/hamcrest/2.2/hamcrest-2.2.jar:/home/guilherme/.m2/repository/org/junit/jupiter/junit-jupiter/5.10.1/junit-jupiter-5.10.1.jar:/home/guilherme/.m2/repository/org/junit/jupiter/junit-jupiter-api/5.10.1/junit-jupiter-api-5.10.1.jar:/home/guilherme/.m2/repository/org/opentest4j/opentest4j/1.3.0/opentest4j-1.3.0.jar:/home/guilherme/.m2/repository/org/junit/platform/junit-platform-commons/1.10.1/junit-platform-commons-1.10.1.jar:/home/guilherme/.m2/repository/org/apiguardian/apiguardian-api/1.1.2/apiguardian-api-1.1.2.jar:/home/guilherme/.m2/repository/org/junit/jupiter/junit-jupiter-params/5.10.1/junit-jupiter-params-5.10.1.jar:/home/guilherme/.m2/repository/org/junit/jupiter/junit-jupiter-engine/5.10.1/junit-jupiter-engine-5.10.1.jar:/home/guilherme/.m2/repository/org/junit/platform/junit-platform-engine/1.10.1/junit-platform-engine-1.10.1.jar:/home/guilherme/.m2/repository/org/mockito/mockito-junit-jupiter/5.7.0/mockito-junit-jupiter-5.7.0.jar:/home/guilherme/.m2/repository/org/skyscreamer/jsonassert/1.5.1/jsonassert-1.5.1.jar:/home/guilherme/.m2/repository/com/vaadin/external/google/android-json/0.0.20131108.vaadin1/android-json-0.0.20131108.vaadin1.jar:/home/guilherme/.m2/repository/org/springframework/spring-test/6.1.1/spring-test-6.1.1.jar:/home/guilherme/.m2/repository/org/xmlunit/xmlunit-core/2.9.1/xmlunit-core-2.9.1.jar:/home/guilherme/.m2/repository/org/mockito/mockito-core/5.7.0/mockito-core-5.7.0.jar:/home/guilherme/.m2/repository/net/bytebuddy/byte-buddy/1.14.10/byte-buddy-1.14.10.jar:/home/guilherme/.m2/repository/net/bytebuddy/byte-buddy-agent/1.14.10/byte-buddy-agent-1.14.10.jar:/home/guilherme/.m2/repository/io/rest-assured/rest-assured/4.5.0/rest-assured-4.5.0.jar:/home/guilherme/.m2/repository/org/codehaus/groovy/groovy/3.0.9/groovy-3.0.9.jar:/home/guilherme/.m2/repository/org/codehaus/groovy/groovy-xml/3.0.9/groovy-xml-3.0.9.jar:/home/guilherme/.m2/repository/org/apache/httpcomponents/httpclient/4.5.13/httpclient-4.5.13.jar:/home/guilherme/.m2/repository/org/apache/httpcomponents/httpcore/4.4.16/httpcore-4.4.16.jar:/home/guilherme/.m2/repository/commons-logging/commons-logging/1.2/commons-logging-1.2.jar:/home/guilherme/.m2/repository/commons-codec/commons-codec/1.16.0/commons-codec-1.16.0.jar:/home/guilherme/.m2/repository/org/apache/httpcomponents/httpmime/4.5.13/httpmime-4.5.13.jar:/home/guilherme/.m2/repository/org/ccil/cowan/tagsoup/tagsoup/1.2.1/tagsoup-1.2.1.jar:/home/guilherme/.m2/repository/io/rest-assured/json-path/4.5.0/json-path-4.5.0.jar:/home/guilherme/.m2/repository/org/codehaus/groovy/groovy-json/3.0.9/groovy-json-3.0.9.jar:/home/guilherme/.m2/repository/io/rest-assured/rest-assured-common/4.5.0/rest-assured-common-4.5.0.jar:/home/guilherme/.m2/repository/io/rest-assured/xml-path/4.5.0/xml-path-4.5.0.jar:/home/guilherme/.m2/repository/org/testcontainers/mysql/1.16.3/mysql-1.16.3.jar:/home/guilherme/.m2/repository/org/testcontainers/jdbc/1.16.3/jdbc-1.16.3.jar:/home/guilherme/.m2/repository/org/testcontainers/database-commons/1.16.3/database-commons-1.16.3.jar:/home/guilherme/.m2/repository/org/testcontainers/testcontainers/1.16.3/testcontainers-1.16.3.jar:/home/guilherme/.m2/repository/junit/junit/4.13.2/junit-4.13.2.jar:/home/guilherme/.m2/repository/org/hamcrest/hamcrest-core/2.2/hamcrest-core-2.2.jar:/home/guilherme/.m2/repository/org/apache/commons/commons-compress/1.21/commons-compress-1.21.jar:/home/guilherme/.m2/repository/org/rnorth/duct-tape/duct-tape/1.0.8/duct-tape-1.0.8.jar:/home/guilherme/.m2/repository/org/jetbrains/annotations/17.0.0/annotations-17.0.0.jar:/home/guilherme/.m2/repository/com/github/docker-java/docker-java-api/3.2.12/docker-java-api-3.2.12.jar:/home/guilherme/.m2/repository/com/github/docker-java/docker-java-transport-zerodep/3.2.12/docker-java-transport-zerodep-3.2.12.jar:/home/guilherme/.m2/repository/com/github/docker-java/docker-java-transport/3.2.12/docker-java-transport-3.2.12.jar:/home/guilherme/.m2/repository/net/java/dev/jna/jna/5.8.0/jna-5.8.0.jar:/home/guilherme/.m2/repository/org/springframework/boot/spring-boot-devtools/3.2.0/spring-boot-devtools-3.2.0.jar:/home/guilherme/.m2/repository/org/springframework/boot/spring-boot/3.2.0/spring-boot-3.2.0.jar:/home/guilherme/.m2/repository/org/springframework/boot/spring-boot-autoconfigure/3.2.0/spring-boot-autoconfigure-3.2.0.jar:"/>
    <property name="sun.cpu.endian" value="little"/>
    <property name="user.home" value="/home/guilherme"/>
    <property name="user.language" value="en"/>
    <property name="java.specification.vendor" value="Oracle Corporation"/>
    <property name="java.version.date" value="2024-04-16"/>
    <property name="java.home" value="/usr/lib/jvm/jdk-21-oracle-x64"/>
    <property name="org.testcontainers.shaded.io.netty.packagePrefix" value="org.testcontainers.shaded."/>
    <property name="file.separator" value="/"/>
    <property name="basedir" value="/home/guilherme/DockerFromZeroToMastery-SpingBoot-3.2.0-AndJava21/01-BeforeDockerization/app"/>
    <property name="java.vm.compressedOopsMode" value="Zero based"/>
    <property name="line.separator" value="&#10;"/>
    <property name="java.vm.specification.vendor" value="Oracle Corporation"/>
    <property name="java.specification.name" value="Java Platform API Specification"/>
    <property name="FILE_LOG_CHARSET" value="UTF-8"/>
    <property name="java.awt.headless" value="true"/>
    <property name="surefire.real.class.path" value="/home/guilherme/DockerFromZeroToMastery-SpingBoot-3.2.0-AndJava21/01-BeforeDockerization/app/target/surefire/surefirebooter-20240608201415859_3.jar"/>
    <property name="sun.management.compiler" value="HotSpot 64-Bit Tiered Compilers"/>
    <property name="java.runtime.version" value="21.0.3+7-LTS-152"/>
    <property name="user.name" value="guilherme"/>
    <property name="stdout.encoding" value="UTF-8"/>
    <property name="path.separator" value=":"/>
    <property name="os.version" value="6.5.0-35-generic"/>
    <property name="java.runtime.name" value="Java(TM) SE Runtime Environment"/>
    <property name="file.encoding" value="UTF-8"/>
    <property name="java.vm.name" value="Java HotSpot(TM) 64-Bit Server VM"/>
    <property name="localRepository" value="/home/guilherme/.m2/repository"/>
    <property name="java.vendor.url.bug" value="https://bugreport.java.com/bugreport/"/>
    <property name="java.io.tmpdir" value="/tmp"/>
    <property name="catalina.home" value="/tmp/tomcat.8888.10464393039150222531"/>
    <property name="com.zaxxer.hikari.pool_number" value="1"/>
    <property name="java.version" value="21.0.3"/>
    <property name="user.dir" value="/home/guilherme/DockerFromZeroToMastery-SpingBoot-3.2.0-AndJava21/01-BeforeDockerization/app"/>
    <property name="os.arch" value="amd64"/>
    <property name="java.vm.specification.name" value="Java Virtual Machine Specification"/>
    <property name="PID" value="28443"/>
    <property name="user.language.format" value="pt"/>
    <property name="CONSOLE_LOG_CHARSET" value="UTF-8"/>
    <property name="catalina.base" value="/tmp/tomcat.8888.10464393039150222531"/>
    <property name="native.encoding" value="UTF-8"/>
    <property name="java.library.path" value="/usr/java/packages/lib:/usr/lib64:/lib64:/lib:/usr/lib"/>
    <property name="java.vm.info" value="mixed mode, sharing"/>
    <property name="stderr.encoding" value="UTF-8"/>
    <property name="java.vendor" value="Oracle Corporation"/>
    <property name="java.vm.version" value="21.0.3+7-LTS-152"/>
    <property name="sun.io.unicode.encoding" value="UnicodeLittle"/>
    <property name="java.class.version" value="65.0"/>
  </properties>
  <testcase name="shouldDisplaySwaggerUiPage" classname="br.com.erudio.integrationtests.swagger.SwaggerIntegrationTest" time="0.596">
    <system-out><![CDATA[20:14:17.636 [main] INFO org.springframework.test.context.support.AnnotationConfigContextLoaderUtils -- Could not detect default configuration classes for test class [br.com.erudio.integrationtests.testcontainers.AbstractIntegrationTest]: AbstractIntegrationTest does not declare any static, non-private, non-final, nested classes annotated with @Configuration.
20:14:17.690 [main] INFO org.springframework.boot.test.context.SpringBootTestContextBootstrapper -- Found @SpringBootConfiguration br.com.erudio.Startup for test class br.com.erudio.integrationtests.swagger.SwaggerIntegrationTest
20:14:17.769 [main] INFO org.springframework.boot.devtools.restart.RestartApplicationListener -- Restart disabled due to context in which it is running

  .   ____          _            __ _ _
 /\\ / ___'_ __ _ _(_)_ __  __ _ \ \ \ \
( ( )\___ | '_ | '_| | '_ \/ _` | \ \ \ \
 \\/  ___)| |_)| | | | | || (_| |  ) ) ) )
  '  |____| .__|_| |_|_| |_\__, | / / / /
 =========|_|==============|___/=/_/_/_/
 :: Spring Boot ::                (v3.2.0)

2024-06-08T20:14:17.960-03:00  INFO 28443 --- [ers-lifecycle-0] o.t.d.DockerClientProviderStrategy       : Loaded org.testcontainers.dockerclient.UnixSocketClientProviderStrategy from ~/.testcontainers.properties, will try it first
2024-06-08T20:14:18.214-03:00  INFO 28443 --- [ers-lifecycle-0] o.t.d.DockerClientProviderStrategy       : Found Docker environment with local Unix socket (unix:///var/run/docker.sock)
2024-06-08T20:14:18.215-03:00  INFO 28443 --- [ers-lifecycle-0] org.testcontainers.DockerClientFactory   : Docker host IP address is localhost
2024-06-08T20:14:18.234-03:00  INFO 28443 --- [ers-lifecycle-0] org.testcontainers.DockerClientFactory   : Connected to docker: 
  Server Version: 26.1.4
  API Version: 1.45
  Operating System: Ubuntu 22.04.4 LTS
  Total Memory: 15341 MB
2024-06-08T20:14:18.236-03:00  INFO 28443 --- [ers-lifecycle-0] o.t.utility.ImageNameSubstitutor         : Image name substitution will be performed by: DefaultImageNameSubstitutor (composite of 'ConfigurationFileImageNameSubstitutor' and 'PrefixingImageNameSubstitutor')
2024-06-08T20:14:18.745-03:00  INFO 28443 --- [ers-lifecycle-0] org.testcontainers.DockerClientFactory   : Ryuk started - will monitor and terminate Testcontainers containers on JVM exit
2024-06-08T20:14:18.746-03:00  INFO 28443 --- [ers-lifecycle-0] org.testcontainers.DockerClientFactory   : Checking the system...
2024-06-08T20:14:18.746-03:00  INFO 28443 --- [ers-lifecycle-0] org.testcontainers.DockerClientFactory   : ✔︎ Docker server version should be at least 1.6.0
2024-06-08T20:14:18.810-03:00  INFO 28443 --- [ers-lifecycle-0] org.testcontainers.DockerClientFactory   : ✔︎ Docker environment should have more than 2GB free disk space
2024-06-08T20:14:18.823-03:00  INFO 28443 --- [ers-lifecycle-0] 🐳 [mysql:8.0.29]                        : Creating container for image: mysql:8.0.29
2024-06-08T20:14:18.953-03:00  INFO 28443 --- [ers-lifecycle-0] 🐳 [mysql:8.0.29]                        : Container mysql:8.0.29 is starting: 17628bc2fb0bf0372161f90b3216aec7b73512a1a6888afecec27233423a5d3d
2024-06-08T20:14:19.215-03:00  INFO 28443 --- [ers-lifecycle-0] 🐳 [mysql:8.0.29]                        : Waiting for database connection to become available at jdbc:mysql://localhost:32773/test using query 'SELECT 1'
2024-06-08T20:14:33.553-03:00  INFO 28443 --- [ers-lifecycle-0] 🐳 [mysql:8.0.29]                        : Container is started (JDBC URL: jdbc:mysql://localhost:32773/test)
2024-06-08T20:14:33.553-03:00  INFO 28443 --- [ers-lifecycle-0] 🐳 [mysql:8.0.29]                        : Container mysql:8.0.29 started in PT14.740732312S
2024-06-08T20:14:33.555-03:00  INFO 28443 --- [           main] b.c.e.i.swagger.SwaggerIntegrationTest   : Starting SwaggerIntegrationTest using Java 21.0.3 with PID 28443 (started by guilherme in /home/guilherme/DockerFromZeroToMastery-SpingBoot-3.2.0-AndJava21/01-BeforeDockerization/app)
2024-06-08T20:14:33.556-03:00  INFO 28443 --- [           main] b.c.e.i.swagger.SwaggerIntegrationTest   : No active profile set, falling back to 1 default profile: "default"
2024-06-08T20:14:34.035-03:00  INFO 28443 --- [           main] .s.d.r.c.RepositoryConfigurationDelegate : Bootstrapping Spring Data JPA repositories in DEFAULT mode.
2024-06-08T20:14:34.071-03:00  INFO 28443 --- [           main] .s.d.r.c.RepositoryConfigurationDelegate : Finished Spring Data repository scanning in 31 ms. Found 3 JPA repository interfaces.
2024-06-08T20:14:34.401-03:00  INFO 28443 --- [           main] o.s.b.w.embedded.tomcat.TomcatWebServer  : Tomcat initialized with port 8888 (http)
2024-06-08T20:14:34.407-03:00  INFO 28443 --- [           main] o.apache.catalina.core.StandardService   : Starting service [Tomcat]
2024-06-08T20:14:34.407-03:00  INFO 28443 --- [           main] o.apache.catalina.core.StandardEngine    : Starting Servlet engine: [Apache Tomcat/10.1.16]
2024-06-08T20:14:34.437-03:00  INFO 28443 --- [           main] o.a.c.c.C.[Tomcat].[localhost].[/]       : Initializing Spring embedded WebApplicationContext
2024-06-08T20:14:34.438-03:00  INFO 28443 --- [           main] w.s.c.ServletWebServerApplicationContext : Root WebApplicationContext: initialization completed in 787 ms
2024-06-08T20:14:34.517-03:00  INFO 28443 --- [           main] com.zaxxer.hikari.HikariDataSource       : HikariPool-1 - Starting...
2024-06-08T20:14:34.644-03:00  INFO 28443 --- [           main] com.zaxxer.hikari.pool.HikariPool        : HikariPool-1 - Added connection com.mysql.cj.jdbc.ConnectionImpl@3c38e2bf
2024-06-08T20:14:34.645-03:00  INFO 28443 --- [           main] com.zaxxer.hikari.HikariDataSource       : HikariPool-1 - Start completed.
2024-06-08T20:14:34.693-03:00  INFO 28443 --- [           main] o.f.c.internal.license.VersionPrinter    : Flyway Community Edition 9.22.3 by Redgate
2024-06-08T20:14:34.693-03:00  INFO 28443 --- [           main] o.f.c.internal.license.VersionPrinter    : See release notes here: https://rd.gt/416ObMi
2024-06-08T20:14:34.693-03:00  INFO 28443 --- [           main] o.f.c.internal.license.VersionPrinter    : 
2024-06-08T20:14:34.707-03:00  INFO 28443 --- [           main] org.flywaydb.core.FlywayExecutor         : Database: jdbc:mysql://localhost:32773/test (MySQL 8.0)
2024-06-08T20:14:34.742-03:00  INFO 28443 --- [           main] o.f.c.i.s.JdbcTableSchemaHistory         : Schema history table `test`.`flyway_schema_history` does not exist yet
2024-06-08T20:14:34.744-03:00  INFO 28443 --- [           main] o.f.core.internal.command.DbValidate     : Successfully validated 12 migrations (execution time 00:00.014s)
2024-06-08T20:14:34.757-03:00  INFO 28443 --- [           main] o.f.c.i.s.JdbcTableSchemaHistory         : Creating Schema History table `test`.`flyway_schema_history` ...
2024-06-08T20:14:34.890-03:00  INFO 28443 --- [           main] o.f.core.internal.command.DbMigrate      : Current version of schema `test`: << Empty Schema >>
2024-06-08T20:14:34.893-03:00  INFO 28443 --- [           main] o.f.core.internal.command.DbMigrate      : Migrating schema `test` to version "1 - Create Table Person"
2024-06-08T20:14:34.956-03:00  WARN 28443 --- [           main] o.f.c.i.s.DefaultSqlScriptExecutor       : DB: Integer display width is deprecated and will be removed in a future release. (SQL State: HY000 - Error Code: 1681)
2024-06-08T20:14:34.981-03:00  INFO 28443 --- [           main] o.f.core.internal.command.DbMigrate      : Migrating schema `test` to version "2 - Populate Table Person"
2024-06-08T20:14:35.005-03:00  INFO 28443 --- [           main] o.f.core.internal.command.DbMigrate      : Migrating schema `test` to version "3 - Create Table Books"
2024-06-08T20:14:35.064-03:00  WARN 28443 --- [           main] o.f.c.i.s.DefaultSqlScriptExecutor       : DB: Integer display width is deprecated and will be removed in a future release. (SQL State: HY000 - Error Code: 1681)
2024-06-08T20:14:35.086-03:00  INFO 28443 --- [           main] o.f.core.internal.command.DbMigrate      : Migrating schema `test` to version "4 - Insert Data In Books"
2024-06-08T20:14:35.108-03:00  INFO 28443 --- [           main] o.f.core.internal.command.DbMigrate      : Migrating schema `test` to version "5 - Create Table Permission"
2024-06-08T20:14:35.172-03:00  WARN 28443 --- [           main] o.f.c.i.s.DefaultSqlScriptExecutor       : DB: Integer display width is deprecated and will be removed in a future release. (SQL State: HY000 - Error Code: 1681)
2024-06-08T20:14:35.192-03:00  INFO 28443 --- [           main] o.f.core.internal.command.DbMigrate      : Migrating schema `test` to version "6 - Insert Data In Permission"
2024-06-08T20:14:35.214-03:00  INFO 28443 --- [           main] o.f.core.internal.command.DbMigrate      : Migrating schema `test` to version "7 - Create Table Users"
2024-06-08T20:14:35.293-03:00  WARN 28443 --- [           main] o.f.c.i.s.DefaultSqlScriptExecutor       : DB: Integer display width is deprecated and will be removed in a future release. (SQL State: HY000 - Error Code: 1681)
2024-06-08T20:14:35.312-03:00  INFO 28443 --- [           main] o.f.core.internal.command.DbMigrate      : Migrating schema `test` to version "8 - Insert Data In Users"
2024-06-08T20:14:35.336-03:00  INFO 28443 --- [           main] o.f.core.internal.command.DbMigrate      : Migrating schema `test` to version "9 - Create Table User Permission"
2024-06-08T20:14:35.412-03:00  WARN 28443 --- [           main] o.f.c.i.s.DefaultSqlScriptExecutor       : DB: Integer display width is deprecated and will be removed in a future release. (SQL State: HY000 - Error Code: 1681)
2024-06-08T20:14:35.412-03:00  WARN 28443 --- [           main] o.f.c.i.s.DefaultSqlScriptExecutor       : DB: Integer display width is deprecated and will be removed in a future release. (SQL State: HY000 - Error Code: 1681)
2024-06-08T20:14:35.433-03:00  INFO 28443 --- [           main] o.f.core.internal.command.DbMigrate      : Migrating schema `test` to version "10 - Insert Data In User Permission"
2024-06-08T20:14:35.456-03:00  INFO 28443 --- [           main] o.f.core.internal.command.DbMigrate      : Migrating schema `test` to version "11 - Alter Table Person"
2024-06-08T20:14:35.539-03:00  INFO 28443 --- [           main] o.f.core.internal.command.DbMigrate      : Migrating schema `test` to version "12 - Populate Person With Many"
2024-06-08T20:14:35.609-03:00  INFO 28443 --- [           main] o.f.core.internal.command.DbMigrate      : Successfully applied 12 migrations to schema `test`, now at version v12 (execution time 00:00.448s)
2024-06-08T20:14:35.655-03:00  INFO 28443 --- [           main] o.hibernate.jpa.internal.util.LogHelper  : HHH000204: Processing PersistenceUnitInfo [name: default]
2024-06-08T20:14:35.683-03:00  INFO 28443 --- [           main] org.hibernate.Version                    : HHH000412: Hibernate ORM core version 6.3.1.Final
2024-06-08T20:14:35.701-03:00  INFO 28443 --- [           main] o.h.c.internal.RegionFactoryInitiator    : HHH000026: Second-level cache disabled
2024-06-08T20:14:35.760-03:00  INFO 28443 --- [           main] o.s.o.j.p.SpringPersistenceUnitInfo      : No LoadTimeWeaver setup: ignoring JPA class transformer
2024-06-08T20:14:36.208-03:00  INFO 28443 --- [           main] o.h.e.t.j.p.i.JtaPlatformInitiator       : HHH000489: No JTA platform available (set 'hibernate.transaction.jta.platform' to enable JTA platform integration)
2024-06-08T20:14:36.209-03:00  INFO 28443 --- [           main] j.LocalContainerEntityManagerFactoryBean : Initialized JPA EntityManagerFactory for persistence unit 'default'
2024-06-08T20:14:36.346-03:00  INFO 28443 --- [           main] o.s.d.j.r.query.QueryEnhancerFactory     : Hibernate is in classpath; If applicable, HQL parser will be used.
2024-06-08T20:14:37.662-03:00  INFO 28443 --- [           main] o.s.s.web.DefaultSecurityFilterChain     : Will secure any request with [org.springframework.security.web.session.DisableEncodeUrlFilter@49da976, org.springframework.security.web.context.request.async.WebAsyncManagerIntegrationFilter@40364273, org.springframework.security.web.context.SecurityContextHolderFilter@684aac7, org.springframework.security.web.header.HeaderWriterFilter@1492d58d, org.springframework.web.filter.CorsFilter@63e17053, org.springframework.security.web.authentication.logout.LogoutFilter@6b57b1c7, br.com.erudio.security.jwt.JwtTokenFilter@56569e4f, org.springframework.security.web.savedrequest.RequestCacheAwareFilter@2e8828b5, org.springframework.security.web.servletapi.SecurityContextHolderAwareRequestFilter@564519de, org.springframework.security.web.authentication.AnonymousAuthenticationFilter@3fe94bea, org.springframework.security.web.session.SessionManagementFilter@4aee166d, org.springframework.security.web.access.ExceptionTranslationFilter@3c809ee7, org.springframework.security.web.access.intercept.AuthorizationFilter@1ccb0482]
2024-06-08T20:14:37.885-03:00  INFO 28443 --- [           main] o.s.b.w.embedded.tomcat.TomcatWebServer  : Tomcat started on port 8888 (http) with context path ''
2024-06-08T20:14:37.891-03:00  INFO 28443 --- [           main] b.c.e.i.swagger.SwaggerIntegrationTest   : Started SwaggerIntegrationTest in 20.13 seconds (process running for 21.961)
2024-06-08T20:14:38.415-03:00  INFO 28443 --- [nio-8888-exec-1] o.a.c.c.C.[Tomcat].[localhost].[/]       : Initializing Spring DispatcherServlet 'dispatcherServlet'
2024-06-08T20:14:38.415-03:00  INFO 28443 --- [nio-8888-exec-1] o.s.web.servlet.DispatcherServlet        : Initializing Servlet 'dispatcherServlet'
2024-06-08T20:14:38.416-03:00  INFO 28443 --- [nio-8888-exec-1] o.s.web.servlet.DispatcherServlet        : Completed initialization in 1 ms
2024-06-08T20:14:38.422-03:00  WARN 28443 --- [nio-8888-exec-1] o.s.w.s.h.HandlerMappingIntrospector     : Cache miss for REQUEST dispatch to '/swagger-ui/index.html' (previous null). Performing CorsConfiguration lookup. This is logged once only at WARN level, and every time at TRACE.
2024-06-08T20:14:38.428-03:00  WARN 28443 --- [nio-8888-exec-1] o.s.w.s.h.HandlerMappingIntrospector     : Cache miss for REQUEST dispatch to '/swagger-ui/index.html' (previous null). Performing MatchableHandlerMapping lookup. This is logged once only at WARN level, and every time at TRACE.
]]></system-out>
  </testcase>
</testsuite>