<?xml version="1.0" encoding="UTF-8"?>
<testsuite xmlns:xsi="http://www.w3.org/2001/XMLSchema-instance" xsi:noNamespaceSchemaLocation="https://maven.apache.org/surefire/maven-surefire-plugin/xsd/surefire-test-report-3.0.xsd" version="3.0" name="br.com.erudio.integrationtests.controller.withjson.PersonControllerJsonTest" time="0.348" tests="10" errors="0" skipped="0" failures="0">
  <properties>
    <property name="java.specification.version" value="21"/>
    <property name="sun.jnu.encoding" value="UTF-8"/>
    <property name="java.class.path" value="/home/guilherme/DockerFromZeroToMastery-SpingBoot-3.2.0-AndJava21/01-BeforeDockerization/app/target/test-classes:/home/guilherme/DockerFromZeroToMastery-SpingBoot-3.2.0-AndJava21/01-BeforeDockerization/app/target/classes:/home/guilherme/.m2/repository/org/springframework/boot/spring-boot-starter-web/3.2.0/spring-boot-starter-web-3.2.0.jar:/home/guilherme/.m2/repository/org/springframework/boot/spring-boot-starter/3.2.0/spring-boot-starter-3.2.0.jar:/home/guilherme/.m2/repository/org/springframework/boot/spring-boot-starter-logging/3.2.0/spring-boot-starter-logging-3.2.0.jar:/home/guilherme/.m2/repository/ch/qos/logback/logback-classic/1.4.11/logback-classic-1.4.11.jar:/home/guilherme/.m2/repository/ch/qos/logback/logback-core/1.4.11/logback-core-1.4.11.jar:/home/guilherme/.m2/repository/org/apache/logging/log4j/log4j-to-slf4j/2.21.1/log4j-to-slf4j-2.21.1.jar:/home/guilherme/.m2/repository/org/apache/logging/log4j/log4j-api/2.21.1/log4j-api-2.21.1.jar:/home/guilherme/.m2/repository/org/slf4j/jul-to-slf4j/2.0.9/jul-to-slf4j-2.0.9.jar:/home/guilherme/.m2/repository/jakarta/annotation/jakarta.annotation-api/2.1.1/jakarta.annotation-api-2.1.1.jar:/home/guilherme/.m2/repository/org/springframework/boot/spring-boot-starter-json/3.2.0/spring-boot-starter-json-3.2.0.jar:/home/guilherme/.m2/repository/com/fasterxml/jackson/datatype/jackson-datatype-jdk8/2.15.3/jackson-datatype-jdk8-2.15.3.jar:/home/guilherme/.m2/repository/com/fasterxml/jackson/datatype/jackson-datatype-jsr310/2.15.3/jackson-datatype-jsr310-2.15.3.jar:/home/guilherme/.m2/repository/com/fasterxml/jackson/module/jackson-module-parameter-names/2.15.3/jackson-module-parameter-names-2.15.3.jar:/home/guilherme/.m2/repository/org/springframework/boot/spring-boot-starter-tomcat/3.2.0/spring-boot-starter-tomcat-3.2.0.jar:/home/guilherme/.m2/repository/org/apache/tomcat/embed/tomcat-embed-core/10.1.16/tomcat-embed-core-10.1.16.jar:/home/guilherme/.m2/repository/org/apache/tomcat/embed/tomcat-embed-websocket/10.1.16/tomcat-embed-websocket-10.1.16.jar:/home/guilherme/.m2/repository/org/springframework/spring-web/6.1.1/spring-web-6.1.1.jar:/home/guilherme/.m2/repository/io/micrometer/micrometer-observation/1.12.0/micrometer-observation-1.12.0.jar:/home/guilherme/.m2/repository/io/micrometer/micrometer-commons/1.12.0/micrometer-commons-1.12.0.jar:/home/guilherme/.m2/repository/org/springframework/spring-webmvc/6.1.1/spring-webmvc-6.1.1.jar:/home/guilherme/.m2/repository/org/springframework/spring-expression/6.1.1/spring-expression-6.1.1.jar:/home/guilherme/.m2/repository/org/springframework/boot/spring-boot-starter-data-jpa/3.2.0/spring-boot-starter-data-jpa-3.2.0.jar:/home/guilherme/.m2/repository/org/springframework/boot/spring-boot-starter-aop/3.2.0/spring-boot-starter-aop-3.2.0.jar:/home/guilherme/.m2/repository/org/aspectj/aspectjweaver/1.9.20.1/aspectjweaver-1.9.20.1.jar:/home/guilherme/.m2/repository/org/springframework/boot/spring-boot-starter-jdbc/3.2.0/spring-boot-starter-jdbc-3.2.0.jar:/home/guilherme/.m2/repository/com/zaxxer/HikariCP/5.0.1/HikariCP-5.0.1.jar:/home/guilherme/.m2/repository/org/springframework/spring-jdbc/6.1.1/spring-jdbc-6.1.1.jar:/home/guilherme/.m2/repository/org/hibernate/orm/hibernate-core/6.3.1.Final/hibernate-core-6.3.1.Final.jar:/home/guilherme/.m2/repository/jakarta/persistence/jakarta.persistence-api/3.1.0/jakarta.persistence-api-3.1.0.jar:/home/guilherme/.m2/repository/jakarta/transaction/jakarta.transaction-api/2.0.1/jakarta.transaction-api-2.0.1.jar:/home/guilherme/.m2/repository/org/jboss/logging/jboss-logging/3.5.3.Final/jboss-logging-3.5.3.Final.jar:/home/guilherme/.m2/repository/org/hibernate/common/hibernate-commons-annotations/6.0.6.Final/hibernate-commons-annotations-6.0.6.Final.jar:/home/guilherme/.m2/repository/io/smallrye/jandex/3.1.2/jandex-3.1.2.jar:/home/guilherme/.m2/repository/com/fasterxml/classmate/1.6.0/classmate-1.6.0.jar:/home/guilherme/.m2/repository/org/glassfish/jaxb/jaxb-runtime/4.0.4/jaxb-runtime-4.0.4.jar:/home/guilherme/.m2/repository/org/glassfish/jaxb/jaxb-core/4.0.4/jaxb-core-4.0.4.jar:/home/guilherme/.m2/repository/org/eclipse/angus/angus-activation/2.0.1/angus-activation-2.0.1.jar:/home/guilherme/.m2/repository/org/glassfish/jaxb/txw2/4.0.4/txw2-4.0.4.jar:/home/guilherme/.m2/repository/com/sun/istack/istack-commons-runtime/4.1.2/istack-commons-runtime-4.1.2.jar:/home/guilherme/.m2/repository/jakarta/inject/jakarta.inject-api/2.0.1/jakarta.inject-api-2.0.1.jar:/home/guilherme/.m2/repository/org/antlr/antlr4-runtime/4.10.1/antlr4-runtime-4.10.1.jar:/home/guilherme/.m2/repository/org/springframework/data/spring-data-jpa/3.2.0/spring-data-jpa-3.2.0.jar:/home/guilherme/.m2/repository/org/springframework/data/spring-data-commons/3.2.0/spring-data-commons-3.2.0.jar:/home/guilherme/.m2/repository/org/springframework/spring-orm/6.1.1/spring-orm-6.1.1.jar:/home/guilherme/.m2/repository/org/springframework/spring-tx/6.1.1/spring-tx-6.1.1.jar:/home/guilherme/.m2/repository/org/springframework/spring-aspects/6.1.1/spring-aspects-6.1.1.jar:/home/guilherme/.m2/repository/org/springframework/boot/spring-boot-starter-validation/3.2.0/spring-boot-starter-validation-3.2.0.jar:/home/guilherme/.m2/repository/org/apache/tomcat/embed/tomcat-embed-el/10.1.16/tomcat-embed-el-10.1.16.jar:/home/guilherme/.m2/repository/org/hibernate/validator/hibernate-validator/8.0.1.Final/hibernate-validator-8.0.1.Final.jar:/home/guilherme/.m2/repository/jakarta/validation/jakarta.validation-api/3.0.2/jakarta.validation-api-3.0.2.jar:/home/guilherme/.m2/repository/org/springframework/hateoas/spring-hateoas/2.2.0/spring-hateoas-2.2.0.jar:/home/guilherme/.m2/repository/org/springframework/spring-aop/6.1.1/spring-aop-6.1.1.jar:/home/guilherme/.m2/repository/org/springframework/spring-beans/6.1.1/spring-beans-6.1.1.jar:/home/guilherme/.m2/repository/org/springframework/spring-context/6.1.1/spring-context-6.1.1.jar:/home/guilherme/.m2/repository/org/springframework/spring-core/6.1.1/spring-core-6.1.1.jar:/home/guilherme/.m2/repository/org/springframework/spring-jcl/6.1.1/spring-jcl-6.1.1.jar:/home/guilherme/.m2/repository/org/springframework/plugin/spring-plugin-core/3.0.0/spring-plugin-core-3.0.0.jar:/home/guilherme/.m2/repository/com/jayway/jsonpath/json-path/2.8.0/json-path-2.8.0.jar:/home/guilherme/.m2/repository/org/slf4j/slf4j-api/2.0.9/slf4j-api-2.0.9.jar:/home/guilherme/.m2/repository/org/springframework/boot/spring-boot-starter-security/3.2.0/spring-boot-starter-security-3.2.0.jar:/home/guilherme/.m2/repository/org/springframework/security/spring-security-config/6.2.0/spring-security-config-6.2.0.jar:/home/guilherme/.m2/repository/org/springframework/security/spring-security-core/6.2.0/spring-security-core-6.2.0.jar:/home/guilherme/.m2/repository/org/springframework/security/spring-security-crypto/6.2.0/spring-security-crypto-6.2.0.jar:/home/guilherme/.m2/repository/org/springframework/security/spring-security-web/6.2.0/spring-security-web-6.2.0.jar:/home/guilherme/.m2/repository/org/springframework/boot/spring-boot-configuration-processor/3.2.0/spring-boot-configuration-processor-3.2.0.jar:/home/guilherme/.m2/repository/com/auth0/java-jwt/3.18.3/java-jwt-3.18.3.jar:/home/guilherme/.m2/repository/com/fasterxml/jackson/core/jackson-databind/2.15.3/jackson-databind-2.15.3.jar:/home/guilherme/.m2/repository/com/fasterxml/jackson/dataformat/jackson-dataformat-xml/2.15.3/jackson-dataformat-xml-2.15.3.jar:/home/guilherme/.m2/repository/com/fasterxml/jackson/core/jackson-core/2.15.3/jackson-core-2.15.3.jar:/home/guilherme/.m2/repository/com/fasterxml/jackson/core/jackson-annotations/2.15.3/jackson-annotations-2.15.3.jar:/home/guilherme/.m2/repository/org/codehaus/woodstox/stax2-api/4.2.1/stax2-api-4.2.1.jar:/home/guilherme/.m2/repository/com/fasterxml/woodstox/woodstox-core/6.5.1/woodstox-core-6.5.1.jar:/home/guilherme/.m2/repository/com/fasterxml/jackson/dataformat/jackson-dataformat-yaml/2.15.3/jackson-dataformat-yaml-2.15.3.jar:/home/guilherme/.m2/repository/org/yaml/snakeyaml/2.2/snakeyaml-2.2.jar:/home/guilherme/.m2/repository/org/springdoc/springdoc-openapi-starter-webmvc-ui/2.0.2/springdoc-openapi-starter-webmvc-ui-2.0.2.jar:/home/guilherme/.m2/repository/org/springdoc/springdoc-openapi-starter-webmvc-api/2.0.2/springdoc-openapi-starter-webmvc-api-2.0.2.jar:/home/guilherme/.m2/repository/org/springdoc/springdoc-openapi-starter-common/2.0.2/springdoc-openapi-starter-common-2.0.2.jar:/home/guilherme/.m2/repository/io/swagger/core/v3/swagger-core-jakarta/2.2.7/swagger-core-jakarta-2.2.7.jar:/home/guilherme/.m2/repository/io/swagger/core/v3/swagger-annotations-jakarta/2.2.7/swagger-annotations-jakarta-2.2.7.jar:/home/guilherme/.m2/repository/io/swagger/core/v3/swagger-models-jakarta/2.2.7/swagger-models-jakarta-2.2.7.jar:/home/guilherme/.m2/repository/org/webjars/swagger-ui/4.15.5/swagger-ui-4.15.5.jar:/home/guilherme/.m2/repository/org/webjars/webjars-locator-core/0.55/webjars-locator-core-0.55.jar:/home/guilherme/.m2/repository/io/github/classgraph/classgraph/4.8.149/classgraph-4.8.149.jar:/home/guilherme/.m2/repository/com/mysql/mysql-connector-j/8.1.0/mysql-connector-j-8.1.0.jar:/home/guilherme/.m2/repository/org/flywaydb/flyway-core/9.22.3/flyway-core-9.22.3.jar:/home/guilherme/.m2/repository/com/fasterxml/jackson/dataformat/jackson-dataformat-toml/2.15.3/jackson-dataformat-toml-2.15.3.jar:/home/guilherme/.m2/repository/com/google/code/gson/gson/2.10.1/gson-2.10.1.jar:/home/guilherme/.m2/repository/org/flywaydb/flyway-mysql/9.22.3/flyway-mysql-9.22.3.jar:/home/guilherme/.m2/repository/com/github/dozermapper/dozer-core/6.4.0/dozer-core-6.4.0.jar:/home/guilherme/.m2/repository/commons-beanutils/commons-beanutils/1.9.3/commons-beanutils-1.9.3.jar:/home/guilherme/.m2/repository/commons-collections/commons-collections/3.2.2/commons-collections-3.2.2.jar:/home/guilherme/.m2/repository/org/apache/commons/commons-lang3/3.13.0/commons-lang3-3.13.0.jar:/home/guilherme/.m2/repository/commons-io/commons-io/2.5/commons-io-2.5.jar:/home/guilherme/.m2/repository/javax/xml/bind/jaxb-api/2.2.11/jaxb-api-2.2.11.jar:/home/guilherme/.m2/repository/org/slf4j/jcl-over-slf4j/2.0.9/jcl-over-slf4j-2.0.9.jar:/home/guilherme/.m2/repository/org/objenesis/objenesis/2.6/objenesis-2.6.jar:/home/guilherme/.m2/repository/org/springframework/boot/spring-boot-starter-test/3.2.0/spring-boot-starter-test-3.2.0.jar:/home/guilherme/.m2/repository/org/springframework/boot/spring-boot-test/3.2.0/spring-boot-test-3.2.0.jar:/home/guilherme/.m2/repository/org/springframework/boot/spring-boot-test-autoconfigure/3.2.0/spring-boot-test-autoconfigure-3.2.0.jar:/home/guilherme/.m2/repository/jakarta/xml/bind/jakarta.xml.bind-api/4.0.1/jakarta.xml.bind-api-4.0.1.jar:/home/guilherme/.m2/repository/jakarta/activation/jakarta.activation-api/2.1.2/jakarta.activation-api-2.1.2.jar:/home/guilherme/.m2/repository/net/minidev/json-smart/2.5.0/json-smart-2.5.0.jar:/home/guilherme/.m2/repository/net/minidev/accessors-smart/2.5.0/accessors-smart-2.5.0.jar:/home/guilherme/.m2/repository/org/ow2/asm/asm/9.3/asm-9.3.jar:/home/guilherme/.m2/repository/org/assertj/assertj-core/3.24.2/assertj-core-3.24.2.jar:/home/guilherme/.m2/repository/org/awaitility/awaitility/4.2.0/awaitility-4.2.0.jar:/home/guilherme/.m2/repository/org/hamcrest/hamcrest/2.2/hamcrest-2.2.jar:/home/guilherme/.m2/repository/org/junit/jupiter/junit-jupiter/5.10.1/junit-jupiter-5.10.1.jar:/home/guilherme/.m2/repository/org/junit/jupiter/junit-jupiter-api/5.10.1/junit-jupiter-api-5.10.1.jar:/home/guilherme/.m2/repository/org/opentest4j/opentest4j/1.3.0/opentest4j-1.3.0.jar:/home/guilherme/.m2/repository/org/junit/platform/junit-platform-commons/1.10.1/junit-platform-commons-1.10.1.jar:/home/guilherme/.m2/repository/org/apiguardian/apiguardian-api/1.1.2/apiguardian-api-1.1.2.jar:/home/guilherme/.m2/repository/org/junit/jupiter/junit-jupiter-params/5.10.1/junit-jupiter-params-5.10.1.jar:/home/guilherme/.m2/repository/org/junit/jupiter/junit-jupiter-engine/5.10.1/junit-jupiter-engine-5.10.1.jar:/home/guilherme/.m2/repository/org/junit/platform/junit-platform-engine/1.10.1/junit-platform-engine-1.10.1.jar:/home/guilherme/.m2/repository/org/mockito/mockito-junit-jupiter/5.7.0/mockito-junit-jupiter-5.7.0.jar:/home/guilherme/.m2/repository/org/skyscreamer/jsonassert/1.5.1/jsonassert-1.5.1.jar:/home/guilherme/.m2/repository/com/vaadin/external/google/android-json/0.0.20131108.vaadin1/android-json-0.0.20131108.vaadin1.jar:/home/guilherme/.m2/repository/org/springframework/spring-test/6.1.1/spring-test-6.1.1.jar:/home/guilherme/.m2/repository/org/xmlunit/xmlunit-core/2.9.1/xmlunit-core-2.9.1.jar:/home/guilherme/.m2/repository/org/mockito/mockito-core/5.7.0/mockito-core-5.7.0.jar:/home/guilherme/.m2/repository/net/bytebuddy/byte-buddy/1.14.10/byte-buddy-1.14.10.jar:/home/guilherme/.m2/repository/net/bytebuddy/byte-buddy-agent/1.14.10/byte-buddy-agent-1.14.10.jar:/home/guilherme/.m2/repository/io/rest-assured/rest-assured/4.5.0/rest-assured-4.5.0.jar:/home/guilherme/.m2/repository/org/codehaus/groovy/groovy/3.0.9/groovy-3.0.9.jar:/home/guilherme/.m2/repository/org/codehaus/groovy/groovy-xml/3.0.9/groovy-xml-3.0.9.jar:/home/guilherme/.m2/repository/org/apache/httpcomponents/httpclient/4.5.13/httpclient-4.5.13.jar:/home/guilherme/.m2/repository/org/apache/httpcomponents/httpcore/4.4.16/httpcore-4.4.16.jar:/home/guilherme/.m2/repository/commons-logging/commons-logging/1.2/commons-logging-1.2.jar:/home/guilherme/.m2/repository/commons-codec/commons-codec/1.16.0/commons-codec-1.16.0.jar:/home/guilherme/.m2/repository/org/apache/httpcomponents/httpmime/4.5.13/httpmime-4.5.13.jar:/home/guilherme/.m2/repository/org/ccil/cowan/tagsoup/tagsoup/1.2.1/tagsoup-1.2.1.jar:/home/guilherme/.m2/repository/io/rest-assured/json-path/4.5.0/json-path-4.5.0.jar:/home/guilherme/.m2/repository/org/codehaus/groovy/groovy-json/3.0.9/groovy-json-3.0.9.jar:/home/guilherme/.m2/repository/io/rest-assured/rest-assured-common/4.5.0/rest-assured-common-4.5.0.jar:/home/guilherme/.m2/repository/io/rest-assured/xml-path/4.5.0/xml-path-4.5.0.jar:/home/guilherme/.m2/repository/org/testcontainers/mysql/1.16.3/mysql-1.16.3.jar:/home/guilherme/.m2/repository/org/testcontainers/jdbc/1.16.3/jdbc-1.16.3.jar:/home/guilherme/.m2/repository/org/testcontainers/database-commons/1.16.3/database-commons-1.16.3.jar:/home/guilherme/.m2/repository/org/testcontainers/testcontainers/1.16.3/testcontainers-1.16.3.jar:/home/guilherme/.m2/repository/junit/junit/4.13.2/junit-4.13.2.jar:/home/guilherme/.m2/repository/org/hamcrest/hamcrest-core/2.2/hamcrest-core-2.2.jar:/home/guilherme/.m2/repository/org/apache/commons/commons-compress/1.21/commons-compress-1.21.jar:/home/guilherme/.m2/repository/org/rnorth/duct-tape/duct-tape/1.0.8/duct-tape-1.0.8.jar:/home/guilherme/.m2/repository/org/jetbrains/annotations/17.0.0/annotations-17.0.0.jar:/home/guilherme/.m2/repository/com/github/docker-java/docker-java-api/3.2.12/docker-java-api-3.2.12.jar:/home/guilherme/.m2/repository/com/github/docker-java/docker-java-transport-zerodep/3.2.12/docker-java-transport-zerodep-3.2.12.jar:/home/guilherme/.m2/repository/com/github/docker-java/docker-java-transport/3.2.12/docker-java-transport-3.2.12.jar:/home/guilherme/.m2/repository/net/java/dev/jna/jna/5.8.0/jna-5.8.0.jar:/home/guilherme/.m2/repository/org/springframework/boot/spring-boot-devtools/3.2.0/spring-boot-devtools-3.2.0.jar:/home/guilherme/.m2/repository/org/springframework/boot/spring-boot/3.2.0/spring-boot-3.2.0.jar:/home/guilherme/.m2/repository/org/springframework/boot/spring-boot-autoconfigure/3.2.0/spring-boot-autoconfigure-3.2.0.jar:"/>
    <property name="java.vm.vendor" value="Oracle Corporation"/>
    <property name="sun.arch.data.model" value="64"/>
    <property name="java.vendor.url" value="https://java.oracle.com/"/>
    <property name="catalina.useNaming" value="false"/>
    <property name="user.timezone" value="America/Sao_Paulo"/>
    <property name="org.jboss.logging.provider" value="slf4j"/>
    <property name="user.country.format" value="BR"/>
    <property name="os.name" value="Linux"/>
    <property name="java.vm.specification.version" value="21"/>
    <property name="sun.java.launcher" value="SUN_STANDARD"/>
    <property name="user.country" value="US"/>
    <property name="sun.boot.library.path" value="/usr/lib/jvm/jdk-21-oracle-x64/lib"/>
    <property name="sun.java.command" value="/home/guilherme/DockerFromZeroToMastery-SpingBoot-3.2.0-AndJava21/01-BeforeDockerization/app/target/surefire/surefirebooter-20240608201415859_3.jar /home/guilherme/DockerFromZeroToMastery-SpingBoot-3.2.0-AndJava21/01-BeforeDockerization/app/target/surefire 2024-06-08T20-14-15_808-jvmRun1 surefire-20240608201415859_1tmp surefire_0-20240608201415859_2tmp"/>
    <property name="jdk.debug" value="release"/>
    <property name="surefire.test.class.path" value="/home/guilherme/DockerFromZeroToMastery-SpingBoot-3.2.0-AndJava21/01-BeforeDockerization/app/target/test-classes:/home/guilherme/DockerFromZeroToMastery-SpingBoot-3.2.0-AndJava21/01-BeforeDockerization/app/target/classes:/home/guilherme/.m2/repository/org/springframework/boot/spring-boot-starter-web/3.2.0/spring-boot-starter-web-3.2.0.jar:/home/guilherme/.m2/repository/org/springframework/boot/spring-boot-starter/3.2.0/spring-boot-starter-3.2.0.jar:/home/guilherme/.m2/repository/org/springframework/boot/spring-boot-starter-logging/3.2.0/spring-boot-starter-logging-3.2.0.jar:/home/guilherme/.m2/repository/ch/qos/logback/logback-classic/1.4.11/logback-classic-1.4.11.jar:/home/guilherme/.m2/repository/ch/qos/logback/logback-core/1.4.11/logback-core-1.4.11.jar:/home/guilherme/.m2/repository/org/apache/logging/log4j/log4j-to-slf4j/2.21.1/log4j-to-slf4j-2.21.1.jar:/home/guilherme/.m2/repository/org/apache/logging/log4j/log4j-api/2.21.1/log4j-api-2.21.1.jar:/home/guilherme/.m2/repository/org/slf4j/jul-to-slf4j/2.0.9/jul-to-slf4j-2.0.9.jar:/home/guilherme/.m2/repository/jakarta/annotation/jakarta.annotation-api/2.1.1/jakarta.annotation-api-2.1.1.jar:/home/guilherme/.m2/repository/org/springframework/boot/spring-boot-starter-json/3.2.0/spring-boot-starter-json-3.2.0.jar:/home/guilherme/.m2/repository/com/fasterxml/jackson/datatype/jackson-datatype-jdk8/2.15.3/jackson-datatype-jdk8-2.15.3.jar:/home/guilherme/.m2/repository/com/fasterxml/jackson/datatype/jackson-datatype-jsr310/2.15.3/jackson-datatype-jsr310-2.15.3.jar:/home/guilherme/.m2/repository/com/fasterxml/jackson/module/jackson-module-parameter-names/2.15.3/jackson-module-parameter-names-2.15.3.jar:/home/guilherme/.m2/repository/org/springframework/boot/spring-boot-starter-tomcat/3.2.0/spring-boot-starter-tomcat-3.2.0.jar:/home/guilherme/.m2/repository/org/apache/tomcat/embed/tomcat-embed-core/10.1.16/tomcat-embed-core-10.1.16.jar:/home/guilherme/.m2/repository/org/apache/tomcat/embed/tomcat-embed-websocket/10.1.16/tomcat-embed-websocket-10.1.16.jar:/home/guilherme/.m2/repository/org/springframework/spring-web/6.1.1/spring-web-6.1.1.jar:/home/guilherme/.m2/repository/io/micrometer/micrometer-observation/1.12.0/micrometer-observation-1.12.0.jar:/home/guilherme/.m2/repository/io/micrometer/micrometer-commons/1.12.0/micrometer-commons-1.12.0.jar:/home/guilherme/.m2/repository/org/springframework/spring-webmvc/6.1.1/spring-webmvc-6.1.1.jar:/home/guilherme/.m2/repository/org/springframework/spring-expression/6.1.1/spring-expression-6.1.1.jar:/home/guilherme/.m2/repository/org/springframework/boot/spring-boot-starter-data-jpa/3.2.0/spring-boot-starter-data-jpa-3.2.0.jar:/home/guilherme/.m2/repository/org/springframework/boot/spring-boot-starter-aop/3.2.0/spring-boot-starter-aop-3.2.0.jar:/home/guilherme/.m2/repository/org/aspectj/aspectjweaver/1.9.20.1/aspectjweaver-1.9.20.1.jar:/home/guilherme/.m2/repository/org/springframework/boot/spring-boot-starter-jdbc/3.2.0/spring-boot-starter-jdbc-3.2.0.jar:/home/guilherme/.m2/repository/com/zaxxer/HikariCP/5.0.1/HikariCP-5.0.1.jar:/home/guilherme/.m2/repository/org/springframework/spring-jdbc/6.1.1/spring-jdbc-6.1.1.jar:/home/guilherme/.m2/repository/org/hibernate/orm/hibernate-core/6.3.1.Final/hibernate-core-6.3.1.Final.jar:/home/guilherme/.m2/repository/jakarta/persistence/jakarta.persistence-api/3.1.0/jakarta.persistence-api-3.1.0.jar:/home/guilherme/.m2/repository/jakarta/transaction/jakarta.transaction-api/2.0.1/jakarta.transaction-api-2.0.1.jar:/home/guilherme/.m2/repository/org/jboss/logging/jboss-logging/3.5.3.Final/jboss-logging-3.5.3.Final.jar:/home/guilherme/.m2/repository/org/hibernate/common/hibernate-commons-annotations/6.0.6.Final/hibernate-commons-annotations-6.0.6.Final.jar:/home/guilherme/.m2/repository/io/smallrye/jandex/3.1.2/jandex-3.1.2.jar:/home/guilherme/.m2/repository/com/fasterxml/classmate/1.6.0/classmate-1.6.0.jar:/home/guilherme/.m2/repository/org/glassfish/jaxb/jaxb-runtime/4.0.4/jaxb-runtime-4.0.4.jar:/home/guilherme/.m2/repository/org/glassfish/jaxb/jaxb-core/4.0.4/jaxb-core-4.0.4.jar:/home/guilherme/.m2/repository/org/eclipse/angus/angus-activation/2.0.1/angus-activation-2.0.1.jar:/home/guilherme/.m2/repository/org/glassfish/jaxb/txw2/4.0.4/txw2-4.0.4.jar:/home/guilherme/.m2/repository/com/sun/istack/istack-commons-runtime/4.1.2/istack-commons-runtime-4.1.2.jar:/home/guilherme/.m2/repository/jakarta/inject/jakarta.inject-api/2.0.1/jakarta.inject-api-2.0.1.jar:/home/guilherme/.m2/repository/org/antlr/antlr4-runtime/4.10.1/antlr4-runtime-4.10.1.jar:/home/guilherme/.m2/repository/org/springframework/data/spring-data-jpa/3.2.0/spring-data-jpa-3.2.0.jar:/home/guilherme/.m2/repository/org/springframework/data/spring-data-commons/3.2.0/spring-data-commons-3.2.0.jar:/home/guilherme/.m2/repository/org/springframework/spring-orm/6.1.1/spring-orm-6.1.1.jar:/home/guilherme/.m2/repository/org/springframework/spring-tx/6.1.1/spring-tx-6.1.1.jar:/home/guilherme/.m2/repository/org/springframework/spring-aspects/6.1.1/spring-aspects-6.1.1.jar:/home/guilherme/.m2/repository/org/springframework/boot/spring-boot-starter-validation/3.2.0/spring-boot-starter-validation-3.2.0.jar:/home/guilherme/.m2/repository/org/apache/tomcat/embed/tomcat-embed-el/10.1.16/tomcat-embed-el-10.1.16.jar:/home/guilherme/.m2/repository/org/hibernate/validator/hibernate-validator/8.0.1.Final/hibernate-validator-8.0.1.Final.jar:/home/guilherme/.m2/repository/jakarta/validation/jakarta.validation-api/3.0.2/jakarta.validation-api-3.0.2.jar:/home/guilherme/.m2/repository/org/springframework/hateoas/spring-hateoas/2.2.0/spring-hateoas-2.2.0.jar:/home/guilherme/.m2/repository/org/springframework/spring-aop/6.1.1/spring-aop-6.1.1.jar:/home/guilherme/.m2/repository/org/springframework/spring-beans/6.1.1/spring-beans-6.1.1.jar:/home/guilherme/.m2/repository/org/springframework/spring-context/6.1.1/spring-context-6.1.1.jar:/home/guilherme/.m2/repository/org/springframework/spring-core/6.1.1/spring-core-6.1.1.jar:/home/guilherme/.m2/repository/org/springframework/spring-jcl/6.1.1/spring-jcl-6.1.1.jar:/home/guilherme/.m2/repository/org/springframework/plugin/spring-plugin-core/3.0.0/spring-plugin-core-3.0.0.jar:/home/guilherme/.m2/repository/com/jayway/jsonpath/json-path/2.8.0/json-path-2.8.0.jar:/home/guilherme/.m2/repository/org/slf4j/slf4j-api/2.0.9/slf4j-api-2.0.9.jar:/home/guilherme/.m2/repository/org/springframework/boot/spring-boot-starter-security/3.2.0/spring-boot-starter-security-3.2.0.jar:/home/guilherme/.m2/repository/org/springframework/security/spring-security-config/6.2.0/spring-security-config-6.2.0.jar:/home/guilherme/.m2/repository/org/springframework/security/spring-security-core/6.2.0/spring-security-core-6.2.0.jar:/home/guilherme/.m2/repository/org/springframework/security/spring-security-crypto/6.2.0/spring-security-crypto-6.2.0.jar:/home/guilherme/.m2/repository/org/springframework/security/spring-security-web/6.2.0/spring-security-web-6.2.0.jar:/home/guilherme/.m2/repository/org/springframework/boot/spring-boot-configuration-processor/3.2.0/spring-boot-configuration-processor-3.2.0.jar:/home/guilherme/.m2/repository/com/auth0/java-jwt/3.18.3/java-jwt-3.18.3.jar:/home/guilherme/.m2/repository/com/fasterxml/jackson/core/jackson-databind/2.15.3/jackson-databind-2.15.3.jar:/home/guilherme/.m2/repository/com/fasterxml/jackson/dataformat/jackson-dataformat-xml/2.15.3/jackson-dataformat-xml-2.15.3.jar:/home/guilherme/.m2/repository/com/fasterxml/jackson/core/jackson-core/2.15.3/jackson-core-2.15.3.jar:/home/guilherme/.m2/repository/com/fasterxml/jackson/core/jackson-annotations/2.15.3/jackson-annotations-2.15.3.jar:/home/guilherme/.m2/repository/org/codehaus/woodstox/stax2-api/4.2.1/stax2-api-4.2.1.jar:/home/guilherme/.m2/repository/com/fasterxml/woodstox/woodstox-core/6.5.1/woodstox-core-6.5.1.jar:/home/guilherme/.m2/repository/com/fasterxml/jackson/dataformat/jackson-dataformat-yaml/2.15.3/jackson-dataformat-yaml-2.15.3.jar:/home/guilherme/.m2/repository/org/yaml/snakeyaml/2.2/snakeyaml-2.2.jar:/home/guilherme/.m2/repository/org/springdoc/springdoc-openapi-starter-webmvc-ui/2.0.2/springdoc-openapi-starter-webmvc-ui-2.0.2.jar:/home/guilherme/.m2/repository/org/springdoc/springdoc-openapi-starter-webmvc-api/2.0.2/springdoc-openapi-starter-webmvc-api-2.0.2.jar:/home/guilherme/.m2/repository/org/springdoc/springdoc-openapi-starter-common/2.0.2/springdoc-openapi-starter-common-2.0.2.jar:/home/guilherme/.m2/repository/io/swagger/core/v3/swagger-core-jakarta/2.2.7/swagger-core-jakarta-2.2.7.jar:/home/guilherme/.m2/repository/io/swagger/core/v3/swagger-annotations-jakarta/2.2.7/swagger-annotations-jakarta-2.2.7.jar:/home/guilherme/.m2/repository/io/swagger/core/v3/swagger-models-jakarta/2.2.7/swagger-models-jakarta-2.2.7.jar:/home/guilherme/.m2/repository/org/webjars/swagger-ui/4.15.5/swagger-ui-4.15.5.jar:/home/guilherme/.m2/repository/org/webjars/webjars-locator-core/0.55/webjars-locator-core-0.55.jar:/home/guilherme/.m2/repository/io/github/classgraph/classgraph/4.8.149/classgraph-4.8.149.jar:/home/guilherme/.m2/repository/com/mysql/mysql-connector-j/8.1.0/mysql-connector-j-8.1.0.jar:/home/guilherme/.m2/repository/org/flywaydb/flyway-core/9.22.3/flyway-core-9.22.3.jar:/home/guilherme/.m2/repository/com/fasterxml/jackson/dataformat/jackson-dataformat-toml/2.15.3/jackson-dataformat-toml-2.15.3.jar:/home/guilherme/.m2/repository/com/google/code/gson/gson/2.10.1/gson-2.10.1.jar:/home/guilherme/.m2/repository/org/flywaydb/flyway-mysql/9.22.3/flyway-mysql-9.22.3.jar:/home/guilherme/.m2/repository/com/github/dozermapper/dozer-core/6.4.0/dozer-core-6.4.0.jar:/home/guilherme/.m2/repository/commons-beanutils/commons-beanutils/1.9.3/commons-beanutils-1.9.3.jar:/home/guilherme/.m2/repository/commons-collections/commons-collections/3.2.2/commons-collections-3.2.2.jar:/home/guilherme/.m2/repository/org/apache/commons/commons-lang3/3.13.0/commons-lang3-3.13.0.jar:/home/guilherme/.m2/repository/commons-io/commons-io/2.5/commons-io-2.5.jar:/home/guilherme/.m2/repository/javax/xml/bind/jaxb-api/2.2.11/jaxb-api-2.2.11.jar:/home/guilherme/.m2/repository/org/slf4j/jcl-over-slf4j/2.0.9/jcl-over-slf4j-2.0.9.jar:/home/guilherme/.m2/repository/org/objenesis/objenesis/2.6/objenesis-2.6.jar:/home/guilherme/.m2/repository/org/springframework/boot/spring-boot-starter-test/3.2.0/spring-boot-starter-test-3.2.0.jar:/home/guilherme/.m2/repository/org/springframework/boot/spring-boot-test/3.2.0/spring-boot-test-3.2.0.jar:/home/guilherme/.m2/repository/org/springframework/boot/spring-boot-test-autoconfigure/3.2.0/spring-boot-test-autoconfigure-3.2.0.jar:/home/guilherme/.m2/repository/jakarta/xml/bind/jakarta.xml.bind-api/4.0.1/jakarta.xml.bind-api-4.0.1.jar:/home/guilherme/.m2/repository/jakarta/activation/jakarta.activation-api/2.1.2/jakarta.activation-api-2.1.2.jar:/home/guilherme/.m2/repository/net/minidev/json-smart/2.5.0/json-smart-2.5.0.jar:/home/guilherme/.m2/repository/net/minidev/accessors-smart/2.5.0/accessors-smart-2.5.0.jar:/home/guilherme/.m2/repository/org/ow2/asm/asm/9.3/asm-9.3.jar:/home/guilherme/.m2/repository/org/assertj/assertj-core/3.24.2/assertj-core-3.24.2.jar:/home/guilherme/.m2/repository/org/awaitility/awaitility/4.2.0/awaitility-4.2.0.jar:/home/guilherme/.m2/repository/org/hamcrest/hamcrest/2.2/hamcrest-2.2.jar:/home/guilherme/.m2/repository/org/junit/jupiter/junit-jupiter/5.10.1/junit-jupiter-5.10.1.jar:/home/guilherme/.m2/repository/org/junit/jupiter/junit-jupiter-api/5.10.1/junit-jupiter-api-5.10.1.jar:/home/guilherme/.m2/repository/org/opentest4j/opentest4j/1.3.0/opentest4j-1.3.0.jar:/home/guilherme/.m2/repository/org/junit/platform/junit-platform-commons/1.10.1/junit-platform-commons-1.10.1.jar:/home/guilherme/.m2/repository/org/apiguardian/apiguardian-api/1.1.2/apiguardian-api-1.1.2.jar:/home/guilherme/.m2/repository/org/junit/jupiter/junit-jupiter-params/5.10.1/junit-jupiter-params-5.10.1.jar:/home/guilherme/.m2/repository/org/junit/jupiter/junit-jupiter-engine/5.10.1/junit-jupiter-engine-5.10.1.jar:/home/guilherme/.m2/repository/org/junit/platform/junit-platform-engine/1.10.1/junit-platform-engine-1.10.1.jar:/home/guilherme/.m2/repository/org/mockito/mockito-junit-jupiter/5.7.0/mockito-junit-jupiter-5.7.0.jar:/home/guilherme/.m2/repository/org/skyscreamer/jsonassert/1.5.1/jsonassert-1.5.1.jar:/home/guilherme/.m2/repository/com/vaadin/external/google/android-json/0.0.20131108.vaadin1/android-json-0.0.20131108.vaadin1.jar:/home/guilherme/.m2/repository/org/springframework/spring-test/6.1.1/spring-test-6.1.1.jar:/home/guilherme/.m2/repository/org/xmlunit/xmlunit-core/2.9.1/xmlunit-core-2.9.1.jar:/home/guilherme/.m2/repository/org/mockito/mockito-core/5.7.0/mockito-core-5.7.0.jar:/home/guilherme/.m2/repository/net/bytebuddy/byte-buddy/1.14.10/byte-buddy-1.14.10.jar:/home/guilherme/.m2/repository/net/bytebuddy/byte-buddy-agent/1.14.10/byte-buddy-agent-1.14.10.jar:/home/guilherme/.m2/repository/io/rest-assured/rest-assured/4.5.0/rest-assured-4.5.0.jar:/home/guilherme/.m2/repository/org/codehaus/groovy/groovy/3.0.9/groovy-3.0.9.jar:/home/guilherme/.m2/repository/org/codehaus/groovy/groovy-xml/3.0.9/groovy-xml-3.0.9.jar:/home/guilherme/.m2/repository/org/apache/httpcomponents/httpclient/4.5.13/httpclient-4.5.13.jar:/home/guilherme/.m2/repository/org/apache/httpcomponents/httpcore/4.4.16/httpcore-4.4.16.jar:/home/guilherme/.m2/repository/commons-logging/commons-logging/1.2/commons-logging-1.2.jar:/home/guilherme/.m2/repository/commons-codec/commons-codec/1.16.0/commons-codec-1.16.0.jar:/home/guilherme/.m2/repository/org/apache/httpcomponents/httpmime/4.5.13/httpmime-4.5.13.jar:/home/guilherme/.m2/repository/org/ccil/cowan/tagsoup/tagsoup/1.2.1/tagsoup-1.2.1.jar:/home/guilherme/.m2/repository/io/rest-assured/json-path/4.5.0/json-path-4.5.0.jar:/home/guilherme/.m2/repository/org/codehaus/groovy/groovy-json/3.0.9/groovy-json-3.0.9.jar:/home/guilherme/.m2/repository/io/rest-assured/rest-assured-common/4.5.0/rest-assured-common-4.5.0.jar:/home/guilherme/.m2/repository/io/rest-assured/xml-path/4.5.0/xml-path-4.5.0.jar:/home/guilherme/.m2/repository/org/testcontainers/mysql/1.16.3/mysql-1.16.3.jar:/home/guilherme/.m2/repository/org/testcontainers/jdbc/1.16.3/jdbc-1.16.3.jar:/home/guilherme/.m2/repository/org/testcontainers/database-commons/1.16.3/database-commons-1.16.3.jar:/home/guilherme/.m2/repository/org/testcontainers/testcontainers/1.16.3/testcontainers-1.16.3.jar:/home/guilherme/.m2/repository/junit/junit/4.13.2/junit-4.13.2.jar:/home/guilherme/.m2/repository/org/hamcrest/hamcrest-core/2.2/hamcrest-core-2.2.jar:/home/guilherme/.m2/repository/org/apache/commons/commons-compress/1.21/commons-compress-1.21.jar:/home/guilherme/.m2/repository/org/rnorth/duct-tape/duct-tape/1.0.8/duct-tape-1.0.8.jar:/home/guilherme/.m2/repository/org/jetbrains/annotations/17.0.0/annotations-17.0.0.jar:/home/guilherme/.m2/repository/com/github/docker-java/docker-java-api/3.2.12/docker-java-api-3.2.12.jar:/home/guilherme/.m2/repository/com/github/docker-java/docker-java-transport-zerodep/3.2.12/docker-java-transport-zerodep-3.2.12.jar:/home/guilherme/.m2/repository/com/github/docker-java/docker-java-transport/3.2.12/docker-java-transport-3.2.12.jar:/home/guilherme/.m2/repository/net/java/dev/jna/jna/5.8.0/jna-5.8.0.jar:/home/guilherme/.m2/repository/org/springframework/boot/spring-boot-devtools/3.2.0/spring-boot-devtools-3.2.0.jar:/home/guilherme/.m2/repository/org/springframework/boot/spring-boot/3.2.0/spring-boot-3.2.0.jar:/home/guilherme/.m2/repository/org/springframework/boot/spring-boot-autoconfigure/3.2.0/spring-boot-autoconfigure-3.2.0.jar:"/>
    <property name="sun.cpu.endian" value="little"/>
    <property name="user.home" value="/home/guilherme"/>
    <property name="user.language" value="en"/>
    <property name="java.specification.vendor" value="Oracle Corporation"/>
    <property name="java.version.date" value="2024-04-16"/>
    <property name="java.home" value="/usr/lib/jvm/jdk-21-oracle-x64"/>
    <property name="org.testcontainers.shaded.io.netty.packagePrefix" value="org.testcontainers.shaded."/>
    <property name="file.separator" value="/"/>
    <property name="basedir" value="/home/guilherme/DockerFromZeroToMastery-SpingBoot-3.2.0-AndJava21/01-BeforeDockerization/app"/>
    <property name="java.vm.compressedOopsMode" value="Zero based"/>
    <property name="line.separator" value="&#10;"/>
    <property name="java.vm.specification.vendor" value="Oracle Corporation"/>
    <property name="java.specification.name" value="Java Platform API Specification"/>
    <property name="FILE_LOG_CHARSET" value="UTF-8"/>
    <property name="java.awt.headless" value="true"/>
    <property name="surefire.real.class.path" value="/home/guilherme/DockerFromZeroToMastery-SpingBoot-3.2.0-AndJava21/01-BeforeDockerization/app/target/surefire/surefirebooter-20240608201415859_3.jar"/>
    <property name="sun.management.compiler" value="HotSpot 64-Bit Tiered Compilers"/>
    <property name="java.runtime.version" value="21.0.3+7-LTS-152"/>
    <property name="user.name" value="guilherme"/>
    <property name="stdout.encoding" value="UTF-8"/>
    <property name="path.separator" value=":"/>
    <property name="os.version" value="6.5.0-35-generic"/>
    <property name="java.runtime.name" value="Java(TM) SE Runtime Environment"/>
    <property name="file.encoding" value="UTF-8"/>
    <property name="java.vm.name" value="Java HotSpot(TM) 64-Bit Server VM"/>
    <property name="localRepository" value="/home/guilherme/.m2/repository"/>
    <property name="java.vendor.url.bug" value="https://bugreport.java.com/bugreport/"/>
    <property name="java.io.tmpdir" value="/tmp"/>
    <property name="catalina.home" value="/tmp/tomcat.8888.10464393039150222531"/>
    <property name="com.zaxxer.hikari.pool_number" value="1"/>
    <property name="java.version" value="21.0.3"/>
    <property name="user.dir" value="/home/guilherme/DockerFromZeroToMastery-SpingBoot-3.2.0-AndJava21/01-BeforeDockerization/app"/>
    <property name="os.arch" value="amd64"/>
    <property name="java.vm.specification.name" value="Java Virtual Machine Specification"/>
    <property name="PID" value="28443"/>
    <property name="user.language.format" value="pt"/>
    <property name="CONSOLE_LOG_CHARSET" value="UTF-8"/>
    <property name="catalina.base" value="/tmp/tomcat.8888.10464393039150222531"/>
    <property name="native.encoding" value="UTF-8"/>
    <property name="java.library.path" value="/usr/java/packages/lib:/usr/lib64:/lib64:/lib:/usr/lib"/>
    <property name="java.vm.info" value="mixed mode, sharing"/>
    <property name="stderr.encoding" value="UTF-8"/>
    <property name="java.vendor" value="Oracle Corporation"/>
    <property name="java.vm.version" value="21.0.3+7-LTS-152"/>
    <property name="sun.io.unicode.encoding" value="UnicodeLittle"/>
    <property name="java.class.version" value="65.0"/>
  </properties>
  <testcase name="authorization" classname="br.com.erudio.integrationtests.controller.withjson.PersonControllerJsonTest" time="0.059">
    <system-out><![CDATA[2024-06-08T20:14:39.780-03:00  INFO 28443 --- [           main] t.c.s.AnnotationConfigContextLoaderUtils : Could not detect default configuration classes for test class [br.com.erudio.integrationtests.testcontainers.AbstractIntegrationTest]: AbstractIntegrationTest does not declare any static, non-private, non-final, nested classes annotated with @Configuration.
2024-06-08T20:14:39.781-03:00  INFO 28443 --- [           main] .b.t.c.SpringBootTestContextBootstrapper : Found @SpringBootConfiguration br.com.erudio.Startup for test class br.com.erudio.integrationtests.controller.withjson.PersonControllerJsonTest
2024-06-08T20:14:39.791-03:00  INFO 28443 --- [nio-8888-exec-1] br.com.erudio.services.UserServices      : Finding one user by name leandro!
]]></system-out>
  </testcase>
  <testcase name="testCreate" classname="br.com.erudio.integrationtests.controller.withjson.PersonControllerJsonTest" time="0.039">
    <system-out><![CDATA[Request method:	POST
Request URI:	http://localhost:8888/api/person/v1
Proxy:			<none>
Request params:	<none>
Query params:	<none>
Form params:	<none>
Path params:	<none>
Headers:		Authorization=Bearer eyJ0eXAiOiJKV1QiLCJhbGciOiJIUzI1NiJ9.eyJzdWIiOiJsZWFuZHJvIiwicm9sZXMiOlsiQURNSU4iLCJNQU5BR0VSIl0sImlzcyI6Imh0dHA6Ly9sb2NhbGhvc3Q6ODg4OCIsImV4cCI6MTcxNzg5MjA3OSwiaWF0IjoxNzE3ODg4NDc5fQ.cCs-T1AQwNNE5viWRxIELxRgBxaIZlX47YpzFNaNZFY
				Accept=*/*
				Content-Type=application/json
Cookies:		<none>
Multiparts:		<none>
Body:
{
    "id": null,
    "firstName": "Nelson",
    "lastName": "Piquet",
    "address": "Brasília - DF - Brasil",
    "gender": "Male",
    "enabled": true
}
2024-06-08T20:14:39.856-03:00  INFO 28443 --- [nio-8888-exec-2] br.com.erudio.services.UserServices      : Finding one user by name leandro!
2024-06-08T20:14:39.862-03:00  INFO 28443 --- [nio-8888-exec-2] br.com.erudio.services.PersonServices    : Creating one person!
HTTP/1.1 200 
Vary: Origin
Vary: Access-Control-Request-Method
Vary: Access-Control-Request-Headers
X-Content-Type-Options: nosniff
X-XSS-Protection: 0
Cache-Control: no-cache, no-store, max-age=0, must-revalidate
Pragma: no-cache
Expires: 0
X-Frame-Options: DENY
Content-Type: application/json
Transfer-Encoding: chunked
Date: Sat, 08 Jun 2024 23:14:39 GMT
Keep-Alive: timeout=60
Connection: keep-alive

{
    "id": 1011,
    "firstName": "Nelson",
    "lastName": "Piquet",
    "address": "Brasília - DF - Brasil",
    "gender": "Male",
    "enabled": true,
    "_links": {
        "self": {
            "href": "http://localhost:8888/api/person/v1/1011"
        }
    }
}
]]></system-out>
  </testcase>
  <testcase name="testUpdate" classname="br.com.erudio.integrationtests.controller.withjson.PersonControllerJsonTest" time="0.034">
    <system-out><![CDATA[Request method:	POST
Request URI:	http://localhost:8888/api/person/v1
Proxy:			<none>
Request params:	<none>
Query params:	<none>
Form params:	<none>
Path params:	<none>
Headers:		Authorization=Bearer eyJ0eXAiOiJKV1QiLCJhbGciOiJIUzI1NiJ9.eyJzdWIiOiJsZWFuZHJvIiwicm9sZXMiOlsiQURNSU4iLCJNQU5BR0VSIl0sImlzcyI6Imh0dHA6Ly9sb2NhbGhvc3Q6ODg4OCIsImV4cCI6MTcxNzg5MjA3OSwiaWF0IjoxNzE3ODg4NDc5fQ.cCs-T1AQwNNE5viWRxIELxRgBxaIZlX47YpzFNaNZFY
				Accept=*/*
				Content-Type=application/json
Cookies:		<none>
Multiparts:		<none>
Body:
{
    "id": 1011,
    "firstName": "Nelson",
    "lastName": "Piquet Souto Maior",
    "address": "Brasília - DF - Brasil",
    "gender": "Male",
    "enabled": true
}
2024-06-08T20:14:39.895-03:00  INFO 28443 --- [nio-8888-exec-3] br.com.erudio.services.UserServices      : Finding one user by name leandro!
2024-06-08T20:14:39.900-03:00  INFO 28443 --- [nio-8888-exec-3] br.com.erudio.services.PersonServices    : Creating one person!
HTTP/1.1 200 
Vary: Origin
Vary: Access-Control-Request-Method
Vary: Access-Control-Request-Headers
X-Content-Type-Options: nosniff
X-XSS-Protection: 0
Cache-Control: no-cache, no-store, max-age=0, must-revalidate
Pragma: no-cache
Expires: 0
X-Frame-Options: DENY
Content-Type: application/json
Transfer-Encoding: chunked
Date: Sat, 08 Jun 2024 23:14:39 GMT
Keep-Alive: timeout=60
Connection: keep-alive

{
    "id": 1011,
    "firstName": "Nelson",
    "lastName": "Piquet Souto Maior",
    "address": "Brasília - DF - Brasil",
    "gender": "Male",
    "enabled": true,
    "_links": {
        "self": {
            "href": "http://localhost:8888/api/person/v1/1011"
        }
    }
}
]]></system-out>
  </testcase>
  <testcase name="testDisablePersonById" classname="br.com.erudio.integrationtests.controller.withjson.PersonControllerJsonTest" time="0.041">
    <system-out><![CDATA[Request method:	PATCH
Request URI:	http://localhost:8888/api/person/v1/1011
Proxy:			<none>
Request params:	<none>
Query params:	<none>
Form params:	<none>
Path params:	id=1011
Headers:		Authorization=Bearer eyJ0eXAiOiJKV1QiLCJhbGciOiJIUzI1NiJ9.eyJzdWIiOiJsZWFuZHJvIiwicm9sZXMiOlsiQURNSU4iLCJNQU5BR0VSIl0sImlzcyI6Imh0dHA6Ly9sb2NhbGhvc3Q6ODg4OCIsImV4cCI6MTcxNzg5MjA3OSwiaWF0IjoxNzE3ODg4NDc5fQ.cCs-T1AQwNNE5viWRxIELxRgBxaIZlX47YpzFNaNZFY
				Accept=*/*
				Content-Type=application/json
Cookies:		<none>
Multiparts:		<none>
Body:			<none>
2024-06-08T20:14:39.930-03:00  INFO 28443 --- [nio-8888-exec-4] br.com.erudio.services.UserServices      : Finding one user by name leandro!
2024-06-08T20:14:39.934-03:00  INFO 28443 --- [nio-8888-exec-4] br.com.erudio.services.PersonServices    : Disabling one person!
HTTP/1.1 200 
Vary: Origin
Vary: Access-Control-Request-Method
Vary: Access-Control-Request-Headers
X-Content-Type-Options: nosniff
X-XSS-Protection: 0
Cache-Control: no-cache, no-store, max-age=0, must-revalidate
Pragma: no-cache
Expires: 0
X-Frame-Options: DENY
Content-Type: application/json
Transfer-Encoding: chunked
Date: Sat, 08 Jun 2024 23:14:39 GMT
Keep-Alive: timeout=60
Connection: keep-alive

{
    "id": 1011,
    "firstName": "Nelson",
    "lastName": "Piquet Souto Maior",
    "address": "Brasília - DF - Brasil",
    "gender": "Male",
    "enabled": false,
    "_links": {
        "self": {
            "href": "http://localhost:8888/api/person/v1/1011"
        }
    }
}
]]></system-out>
  </testcase>
  <testcase name="testFindById" classname="br.com.erudio.integrationtests.controller.withjson.PersonControllerJsonTest" time="0.021">
    <system-out><![CDATA[Request method:	GET
Request URI:	http://localhost:8888/api/person/v1/1011
Proxy:			<none>
Request params:	<none>
Query params:	<none>
Form params:	<none>
Path params:	id=1011
Headers:		Authorization=Bearer eyJ0eXAiOiJKV1QiLCJhbGciOiJIUzI1NiJ9.eyJzdWIiOiJsZWFuZHJvIiwicm9sZXMiOlsiQURNSU4iLCJNQU5BR0VSIl0sImlzcyI6Imh0dHA6Ly9sb2NhbGhvc3Q6ODg4OCIsImV4cCI6MTcxNzg5MjA3OSwiaWF0IjoxNzE3ODg4NDc5fQ.cCs-T1AQwNNE5viWRxIELxRgBxaIZlX47YpzFNaNZFY
				Accept=*/*
				Content-Type=application/json
Cookies:		<none>
Multiparts:		<none>
Body:			<none>
2024-06-08T20:14:39.968-03:00  INFO 28443 --- [nio-8888-exec-5] br.com.erudio.services.UserServices      : Finding one user by name leandro!
2024-06-08T20:14:39.972-03:00  INFO 28443 --- [nio-8888-exec-5] br.com.erudio.services.PersonServices    : Finding one person!
HTTP/1.1 200 
Vary: Origin
Vary: Access-Control-Request-Method
Vary: Access-Control-Request-Headers
X-Content-Type-Options: nosniff
X-XSS-Protection: 0
Cache-Control: no-cache, no-store, max-age=0, must-revalidate
Pragma: no-cache
Expires: 0
X-Frame-Options: DENY
Content-Type: application/json
Transfer-Encoding: chunked
Date: Sat, 08 Jun 2024 23:14:39 GMT
Keep-Alive: timeout=60
Connection: keep-alive

{
    "id": 1011,
    "firstName": "Nelson",
    "lastName": "Piquet Souto Maior",
    "address": "Brasília - DF - Brasil",
    "gender": "Male",
    "enabled": false,
    "_links": {
        "self": {
            "href": "http://localhost:8888/api/person/v1/1011"
        }
    }
}
]]></system-out>
  </testcase>
  <testcase name="testDelete" classname="br.com.erudio.integrationtests.controller.withjson.PersonControllerJsonTest" time="0.033">
    <system-out><![CDATA[Request method:	DELETE
Request URI:	http://localhost:8888/api/person/v1/1011
Proxy:			<none>
Request params:	<none>
Query params:	<none>
Form params:	<none>
Path params:	id=1011
Headers:		Authorization=Bearer eyJ0eXAiOiJKV1QiLCJhbGciOiJIUzI1NiJ9.eyJzdWIiOiJsZWFuZHJvIiwicm9sZXMiOlsiQURNSU4iLCJNQU5BR0VSIl0sImlzcyI6Imh0dHA6Ly9sb2NhbGhvc3Q6ODg4OCIsImV4cCI6MTcxNzg5MjA3OSwiaWF0IjoxNzE3ODg4NDc5fQ.cCs-T1AQwNNE5viWRxIELxRgBxaIZlX47YpzFNaNZFY
				Accept=*/*
				Content-Type=application/json
Cookies:		<none>
Multiparts:		<none>
Body:			<none>
2024-06-08T20:14:39.989-03:00  INFO 28443 --- [nio-8888-exec-6] br.com.erudio.services.UserServices      : Finding one user by name leandro!
2024-06-08T20:14:39.994-03:00  INFO 28443 --- [nio-8888-exec-6] br.com.erudio.services.PersonServices    : Deleting one person!
HTTP/1.1 204 
Vary: Origin
Vary: Access-Control-Request-Method
Vary: Access-Control-Request-Headers
X-Content-Type-Options: nosniff
X-XSS-Protection: 0
Cache-Control: no-cache, no-store, max-age=0, must-revalidate
Pragma: no-cache
Expires: 0
X-Frame-Options: DENY
Date: Sat, 08 Jun 2024 23:14:39 GMT
Keep-Alive: timeout=60
Connection: keep-alive
]]></system-out>
  </testcase>
  <testcase name="testFindAll" classname="br.com.erudio.integrationtests.controller.withjson.PersonControllerJsonTest" time="0.034">
    <system-out><![CDATA[Request method:	GET
Request URI:	http://localhost:8888/api/person/v1?page=3&size=10&direction=asc
Proxy:			<none>
Request params:	<none>
Query params:	page=3
				size=10
				direction=asc
Form params:	<none>
Path params:	<none>
Headers:		Authorization=Bearer eyJ0eXAiOiJKV1QiLCJhbGciOiJIUzI1NiJ9.eyJzdWIiOiJsZWFuZHJvIiwicm9sZXMiOlsiQURNSU4iLCJNQU5BR0VSIl0sImlzcyI6Imh0dHA6Ly9sb2NhbGhvc3Q6ODg4OCIsImV4cCI6MTcxNzg5MjA3OSwiaWF0IjoxNzE3ODg4NDc5fQ.cCs-T1AQwNNE5viWRxIELxRgBxaIZlX47YpzFNaNZFY
				Accept=application/json
				Content-Type=application/json
Cookies:		<none>
Multiparts:		<none>
Body:			<none>
2024-06-08T20:14:40.023-03:00  INFO 28443 --- [nio-8888-exec-7] br.com.erudio.services.UserServices      : Finding one user by name leandro!
2024-06-08T20:14:40.027-03:00  INFO 28443 --- [nio-8888-exec-7] br.com.erudio.services.PersonServices    : Finding all people!
HTTP/1.1 200 
Vary: Origin
Vary: Access-Control-Request-Method
Vary: Access-Control-Request-Headers
X-Content-Type-Options: nosniff
X-XSS-Protection: 0
Cache-Control: no-cache, no-store, max-age=0, must-revalidate
Pragma: no-cache
Expires: 0
X-Frame-Options: DENY
Content-Type: application/json
Transfer-Encoding: chunked
Date: Sat, 08 Jun 2024 23:14:39 GMT
Keep-Alive: timeout=60
Connection: keep-alive

{
    "_embedded": {
        "personVOList": [
            {
                "id": 677,
                "firstName": "Alic",
                "lastName": "Terbrug",
                "address": "3 Eagle Crest Court",
                "gender": "Male",
                "enabled": true,
                "_links": {
                    "self": {
                        "href": "http://localhost:8888/api/person/v1/677"
                    }
                }
            },
            {
                "id": 414,
                "firstName": "Alie",
                "lastName": "Yeld",
                "address": "42 Messerschmidt Crossing",
                "gender": "Female",
                "enabled": false,
                "_links": {
                    "self": {
                        "href": "http://localhost:8888/api/person/v1/414"
                    }
                }
            },
            {
                "id": 846,
                "firstName": "Alison",
                "lastName": "Cantua",
                "address": "45 Raven Terrace",
                "gender": "Female",
                "enabled": true,
                "_links": {
                    "self": {
                        "href": "http://localhost:8888/api/person/v1/846"
                    }
                }
            },
            {
                "id": 409,
                "firstName": "Alister",
                "lastName": "Etheridge",
                "address": "333 Lakewood Gardens Street",
                "gender": "Male",
                "enabled": false,
                "_links": {
                    "self": {
                        "href": "http://localhost:8888/api/person/v1/409"
                    }
                }
            },
            {
                "id": 714,
                "firstName": "Alla",
                "lastName": "Astall",
                "address": "72525 Emmet Alley",
                "gender": "Female",
                "enabled": false,
                "_links": {
                    "self": {
                        "href": "http://localhost:8888/api/person/v1/714"
                    }
                }
            },
            {
                "id": 911,
                "firstName": "Allegra",
                "lastName": "Dome",
                "address": "57 Roxbury Pass",
                "gender": "Female",
                "enabled": true,
                "_links": {
                    "self": {
                        "href": "http://localhost:8888/api/person/v1/911"
                    }
                }
            },
            {
                "id": 797,
                "firstName": "Allin",
                "lastName": "Emmot",
                "address": "7913 Lindbergh Way",
                "gender": "Male",
                "enabled": false,
                "_links": {
                    "self": {
                        "href": "http://localhost:8888/api/person/v1/797"
                    }
                }
            },
            {
                "id": 199,
                "firstName": "Allin",
                "lastName": "Otridge",
                "address": "09846 Independence Center",
                "gender": "Male",
                "enabled": false,
                "_links": {
                    "self": {
                        "href": "http://localhost:8888/api/person/v1/199"
                    }
                }
            },
            {
                "id": 686,
                "firstName": "Allyn",
                "lastName": "Josh",
                "address": "119 Declaration Lane",
                "gender": "Female",
                "enabled": false,
                "_links": {
                    "self": {
                        "href": "http://localhost:8888/api/person/v1/686"
                    }
                }
            },
            {
                "id": 687,
                "firstName": "Almeria",
                "lastName": "Curm",
                "address": "34 Burrows Point",
                "gender": "Female",
                "enabled": false,
                "_links": {
                    "self": {
                        "href": "http://localhost:8888/api/person/v1/687"
                    }
                }
            }
        ]
    },
    "_links": {
        "first": {
            "href": "http://localhost:8888/api/person/v1?direction=asc&page=0&size=10&sort=firstName,asc"
        },
        "prev": {
            "href": "http://localhost:8888/api/person/v1?direction=asc&page=2&size=10&sort=firstName,asc"
        },
        "self": {
            "href": "http://localhost:8888/api/person/v1?page=3&size=10&direction=asc"
        },
        "next": {
            "href": "http://localhost:8888/api/person/v1?direction=asc&page=4&size=10&sort=firstName,asc"
        },
        "last": {
            "href": "http://localhost:8888/api/person/v1?direction=asc&page=100&size=10&sort=firstName,asc"
        }
    },
    "page": {
        "size": 10,
        "totalElements": 1007,
        "totalPages": 101,
        "number": 3
    }
}
]]></system-out>
  </testcase>
  <testcase name="testFindByName" classname="br.com.erudio.integrationtests.controller.withjson.PersonControllerJsonTest" time="0.033">
    <system-out><![CDATA[Request method:	GET
Request URI:	http://localhost:8888/api/person/v1/findPersonByName/ayr?page=0&size=6&direction=asc
Proxy:			<none>
Request params:	<none>
Query params:	page=0
				size=6
				direction=asc
Form params:	<none>
Path params:	firstName=ayr
Headers:		Authorization=Bearer eyJ0eXAiOiJKV1QiLCJhbGciOiJIUzI1NiJ9.eyJzdWIiOiJsZWFuZHJvIiwicm9sZXMiOlsiQURNSU4iLCJNQU5BR0VSIl0sImlzcyI6Imh0dHA6Ly9sb2NhbGhvc3Q6ODg4OCIsImV4cCI6MTcxNzg5MjA3OSwiaWF0IjoxNzE3ODg4NDc5fQ.cCs-T1AQwNNE5viWRxIELxRgBxaIZlX47YpzFNaNZFY
				Accept=application/json
				Content-Type=application/json
Cookies:		<none>
Multiparts:		<none>
Body:			<none>
2024-06-08T20:14:40.059-03:00  INFO 28443 --- [nio-8888-exec-8] br.com.erudio.services.UserServices      : Finding one user by name leandro!
2024-06-08T20:14:40.064-03:00  INFO 28443 --- [nio-8888-exec-8] br.com.erudio.services.PersonServices    : Finding all people!
HTTP/1.1 200 
Vary: Origin
Vary: Access-Control-Request-Method
Vary: Access-Control-Request-Headers
X-Content-Type-Options: nosniff
X-XSS-Protection: 0
Cache-Control: no-cache, no-store, max-age=0, must-revalidate
Pragma: no-cache
Expires: 0
X-Frame-Options: DENY
Content-Type: application/json
Transfer-Encoding: chunked
Date: Sat, 08 Jun 2024 23:14:39 GMT
Keep-Alive: timeout=60
Connection: keep-alive

{
    "_embedded": {
        "personVOList": [
            {
                "id": 1,
                "firstName": "Ayrton",
                "lastName": "Senna",
                "address": "São Paulo",
                "gender": "Male",
                "enabled": true,
                "_links": {
                    "self": {
                        "href": "http://localhost:8888/api/person/v1/1"
                    }
                }
            }
        ]
    },
    "_links": {
        "self": {
            "href": "http://localhost:8888/api/person/v1?page=0&size=6&direction=asc"
        }
    },
    "page": {
        "size": 6,
        "totalElements": 1,
        "totalPages": 1,
        "number": 0
    }
}
]]></system-out>
  </testcase>
  <testcase name="testFindAllWithoutToken" classname="br.com.erudio.integrationtests.controller.withjson.PersonControllerJsonTest" time="0.015">
    <system-out><![CDATA[Request method:	GET
Request URI:	http://localhost:8888/api/person/v1
Proxy:			<none>
Request params:	<none>
Query params:	<none>
Form params:	<none>
Path params:	<none>
Headers:		Accept=*/*
				Content-Type=application/json
Cookies:		<none>
Multiparts:		<none>
Body:			<none>
HTTP/1.1 403 
Vary: Origin
Vary: Access-Control-Request-Method
Vary: Access-Control-Request-Headers
X-Content-Type-Options: nosniff
X-XSS-Protection: 0
Cache-Control: no-cache, no-store, max-age=0, must-revalidate
Pragma: no-cache
Expires: 0
X-Frame-Options: DENY
Content-Length: 0
Date: Sat, 08 Jun 2024 23:14:39 GMT
Keep-Alive: timeout=60
Connection: keep-alive
]]></system-out>
  </testcase>
  <testcase name="testHATEOAS" classname="br.com.erudio.integrationtests.controller.withjson.PersonControllerJsonTest" time="0.03">
    <system-out><![CDATA[Request method:	GET
Request URI:	http://localhost:8888/api/person/v1?page=3&size=10&direction=asc
Proxy:			<none>
Request params:	<none>
Query params:	page=3
				size=10
				direction=asc
Form params:	<none>
Path params:	<none>
Headers:		Authorization=Bearer eyJ0eXAiOiJKV1QiLCJhbGciOiJIUzI1NiJ9.eyJzdWIiOiJsZWFuZHJvIiwicm9sZXMiOlsiQURNSU4iLCJNQU5BR0VSIl0sImlzcyI6Imh0dHA6Ly9sb2NhbGhvc3Q6ODg4OCIsImV4cCI6MTcxNzg5MjA3OSwiaWF0IjoxNzE3ODg4NDc5fQ.cCs-T1AQwNNE5viWRxIELxRgBxaIZlX47YpzFNaNZFY
				Accept=application/json
				Content-Type=application/json
Cookies:		<none>
Multiparts:		<none>
Body:			<none>
2024-06-08T20:14:40.106-03:00  INFO 28443 --- [io-8888-exec-10] br.com.erudio.services.UserServices      : Finding one user by name leandro!
2024-06-08T20:14:40.112-03:00  INFO 28443 --- [io-8888-exec-10] br.com.erudio.services.PersonServices    : Finding all people!
HTTP/1.1 200 
Vary: Origin
Vary: Access-Control-Request-Method
Vary: Access-Control-Request-Headers
X-Content-Type-Options: nosniff
X-XSS-Protection: 0
Cache-Control: no-cache, no-store, max-age=0, must-revalidate
Pragma: no-cache
Expires: 0
X-Frame-Options: DENY
Content-Type: application/json
Transfer-Encoding: chunked
Date: Sat, 08 Jun 2024 23:14:39 GMT
Keep-Alive: timeout=60
Connection: keep-alive

{
    "_embedded": {
        "personVOList": [
            {
                "id": 677,
                "firstName": "Alic",
                "lastName": "Terbrug",
                "address": "3 Eagle Crest Court",
                "gender": "Male",
                "enabled": true,
                "_links": {
                    "self": {
                        "href": "http://localhost:8888/api/person/v1/677"
                    }
                }
            },
            {
                "id": 414,
                "firstName": "Alie",
                "lastName": "Yeld",
                "address": "42 Messerschmidt Crossing",
                "gender": "Female",
                "enabled": false,
                "_links": {
                    "self": {
                        "href": "http://localhost:8888/api/person/v1/414"
                    }
                }
            },
            {
                "id": 846,
                "firstName": "Alison",
                "lastName": "Cantua",
                "address": "45 Raven Terrace",
                "gender": "Female",
                "enabled": true,
                "_links": {
                    "self": {
                        "href": "http://localhost:8888/api/person/v1/846"
                    }
                }
            },
            {
                "id": 409,
                "firstName": "Alister",
                "lastName": "Etheridge",
                "address": "333 Lakewood Gardens Street",
                "gender": "Male",
                "enabled": false,
                "_links": {
                    "self": {
                        "href": "http://localhost:8888/api/person/v1/409"
                    }
                }
            },
            {
                "id": 714,
                "firstName": "Alla",
                "lastName": "Astall",
                "address": "72525 Emmet Alley",
                "gender": "Female",
                "enabled": false,
                "_links": {
                    "self": {
                        "href": "http://localhost:8888/api/person/v1/714"
                    }
                }
            },
            {
                "id": 911,
                "firstName": "Allegra",
                "lastName": "Dome",
                "address": "57 Roxbury Pass",
                "gender": "Female",
                "enabled": true,
                "_links": {
                    "self": {
                        "href": "http://localhost:8888/api/person/v1/911"
                    }
                }
            },
            {
                "id": 797,
                "firstName": "Allin",
                "lastName": "Emmot",
                "address": "7913 Lindbergh Way",
                "gender": "Male",
                "enabled": false,
                "_links": {
                    "self": {
                        "href": "http://localhost:8888/api/person/v1/797"
                    }
                }
            },
            {
                "id": 199,
                "firstName": "Allin",
                "lastName": "Otridge",
                "address": "09846 Independence Center",
                "gender": "Male",
                "enabled": false,
                "_links": {
                    "self": {
                        "href": "http://localhost:8888/api/person/v1/199"
                    }
                }
            },
            {
                "id": 686,
                "firstName": "Allyn",
                "lastName": "Josh",
                "address": "119 Declaration Lane",
                "gender": "Female",
                "enabled": false,
                "_links": {
                    "self": {
                        "href": "http://localhost:8888/api/person/v1/686"
                    }
                }
            },
            {
                "id": 687,
                "firstName": "Almeria",
                "lastName": "Curm",
                "address": "34 Burrows Point",
                "gender": "Female",
                "enabled": false,
                "_links": {
                    "self": {
                        "href": "http://localhost:8888/api/person/v1/687"
                    }
                }
            }
        ]
    },
    "_links": {
        "first": {
            "href": "http://localhost:8888/api/person/v1?direction=asc&page=0&size=10&sort=firstName,asc"
        },
        "prev": {
            "href": "http://localhost:8888/api/person/v1?direction=asc&page=2&size=10&sort=firstName,asc"
        },
        "self": {
            "href": "http://localhost:8888/api/person/v1?page=3&size=10&direction=asc"
        },
        "next": {
            "href": "http://localhost:8888/api/person/v1?direction=asc&page=4&size=10&sort=firstName,asc"
        },
        "last": {
            "href": "http://localhost:8888/api/person/v1?direction=asc&page=100&size=10&sort=firstName,asc"
        }
    },
    "page": {
        "size": 10,
        "totalElements": 1007,
        "totalPages": 101,
        "number": 3
    }
}
]]></system-out>
  </testcase>
</testsuite>